08-Jun-2018 11:55:12.101 INFO [main] org.apache.catalina.startup.VersionLoggerListener.log Server version:        Apache Tomcat/8.0.32
08-Jun-2018 11:55:12.105 INFO [main] org.apache.catalina.startup.VersionLoggerListener.log Server built:          Feb 2 2016 19:34:53 UTC
08-Jun-2018 11:55:12.106 INFO [main] org.apache.catalina.startup.VersionLoggerListener.log Server number:         8.0.32.0
08-Jun-2018 11:55:12.107 INFO [main] org.apache.catalina.startup.VersionLoggerListener.log OS Name:               Windows 10
08-Jun-2018 11:55:12.107 INFO [main] org.apache.catalina.startup.VersionLoggerListener.log OS Version:            10.0
08-Jun-2018 11:55:12.107 INFO [main] org.apache.catalina.startup.VersionLoggerListener.log Architecture:          x86
08-Jun-2018 11:55:12.108 INFO [main] org.apache.catalina.startup.VersionLoggerListener.log Java Home:             G:\java_8\jdk-8u172\jre
08-Jun-2018 11:55:12.108 INFO [main] org.apache.catalina.startup.VersionLoggerListener.log JVM Version:           1.8.0_172-b11
08-Jun-2018 11:55:12.108 INFO [main] org.apache.catalina.startup.VersionLoggerListener.log JVM Vendor:            Oracle Corporation
08-Jun-2018 11:55:12.108 INFO [main] org.apache.catalina.startup.VersionLoggerListener.log CATALINA_BASE:         G:\program\apache-tomcat-8.0.32
08-Jun-2018 11:55:12.109 INFO [main] org.apache.catalina.startup.VersionLoggerListener.log CATALINA_HOME:         G:\program\apache-tomcat-8.0.32
08-Jun-2018 11:55:12.109 INFO [main] org.apache.catalina.startup.VersionLoggerListener.log Command line argument: -Djava.util.logging.config.file=G:\program\apache-tomcat-8.0.32\conf\logging.properties
08-Jun-2018 11:55:12.110 INFO [main] org.apache.catalina.startup.VersionLoggerListener.log Command line argument: -Djava.util.logging.manager=org.apache.juli.ClassLoaderLogManager
08-Jun-2018 11:55:12.110 INFO [main] org.apache.catalina.startup.VersionLoggerListener.log Command line argument: -Djava.endorsed.dirs=G:\program\apache-tomcat-8.0.32\endorsed
08-Jun-2018 11:55:12.110 INFO [main] org.apache.catalina.startup.VersionLoggerListener.log Command line argument: -Dcatalina.base=G:\program\apache-tomcat-8.0.32
08-Jun-2018 11:55:12.110 INFO [main] org.apache.catalina.startup.VersionLoggerListener.log Command line argument: -Dcatalina.home=G:\program\apache-tomcat-8.0.32
08-Jun-2018 11:55:12.111 INFO [main] org.apache.catalina.startup.VersionLoggerListener.log Command line argument: -Djava.io.tmpdir=G:\program\apache-tomcat-8.0.32\temp
08-Jun-2018 11:55:12.113 INFO [main] org.apache.catalina.core.AprLifecycleListener.lifecycleEvent The APR based Apache Tomcat Native library which allows optimal performance in production environments was not found on the java.library.path: G:\java_8\jdk-8u172\bin;C:\Windows\Sun\Java\bin;C:\Windows\system32;C:\Windows;G:\java_8\jdk-8u172\bin;G:\java_8\jdk-8u172\jre\bin;C:\Program Files (x86)\Common Files\Oracle\Java\javapath;C:\Windows\system32;C:\Windows;C:\Windows\System32\Wbem;C:\Windows\System32\WindowsPowerShell\v1.0\;G:\program\mysql-8.0.11-winx64\bin;C:\Users\YD\AppData\Local\Microsoft\WindowsApps;;.
08-Jun-2018 11:55:13.150 INFO [main] org.apache.coyote.AbstractProtocol.init Initializing ProtocolHandler ["http-nio-8080"]
08-Jun-2018 11:55:14.260 INFO [main] org.apache.tomcat.util.net.NioSelectorPool.getSharedSelector Using a shared selector for servlet write/read
08-Jun-2018 11:55:14.266 INFO [main] org.apache.coyote.AbstractProtocol.init Initializing ProtocolHandler ["ajp-nio-8009"]
08-Jun-2018 11:55:14.286 INFO [main] org.apache.tomcat.util.net.NioSelectorPool.getSharedSelector Using a shared selector for servlet write/read
08-Jun-2018 11:55:14.288 INFO [main] org.apache.catalina.startup.Catalina.load Initialization processed in 3254 ms
08-Jun-2018 11:55:14.403 INFO [main] org.apache.catalina.core.StandardService.startInternal Starting service Catalina
08-Jun-2018 11:55:14.404 INFO [main] org.apache.catalina.core.StandardEngine.startInternal Starting Servlet Engine: Apache Tomcat/8.0.32
08-Jun-2018 11:55:14.474 INFO [localhost-startStop-1] org.apache.catalina.startup.HostConfig.deployWAR Deploying web application archive G:\program\apache-tomcat-8.0.32\webapps\ShareTime_war.war
08-Jun-2018 11:55:15.048 WARNING [localhost-startStop-1] org.apache.tomcat.util.descriptor.web.WebXml.setVersion Unknown version string [4.0]. Default version will be used.
08-Jun-2018 11:55:15.323 SEVERE [localhost-startStop-1] org.apache.catalina.core.StandardContext.startInternal One or more listeners failed to start. Full details will be found in the appropriate container log file
08-Jun-2018 11:55:15.326 SEVERE [localhost-startStop-1] org.apache.catalina.core.StandardContext.startInternal Context [/ShareTime_war] startup failed due to previous errors
08-Jun-2018 11:55:15.370 INFO [localhost-startStop-1] org.apache.catalina.startup.HostConfig.deployWAR Deployment of web application archive G:\program\apache-tomcat-8.0.32\webapps\ShareTime_war.war has finished in 895 ms
08-Jun-2018 11:55:15.372 INFO [localhost-startStop-1] org.apache.catalina.startup.HostConfig.deployDirectory Deploying web application directory G:\program\apache-tomcat-8.0.32\webapps\docs
08-Jun-2018 11:55:15.472 INFO [localhost-startStop-1] org.apache.catalina.startup.HostConfig.deployDirectory Deployment of web application directory G:\program\apache-tomcat-8.0.32\webapps\docs has finished in 100 ms
08-Jun-2018 11:55:15.473 INFO [localhost-startStop-1] org.apache.catalina.startup.HostConfig.deployDirectory Deploying web application directory G:\program\apache-tomcat-8.0.32\webapps\examples
08-Jun-2018 11:55:16.641 INFO [localhost-startStop-1] org.apache.catalina.startup.HostConfig.deployDirectory Deployment of web application directory G:\program\apache-tomcat-8.0.32\webapps\examples has finished in 1,168 ms
08-Jun-2018 11:55:16.642 INFO [localhost-startStop-1] org.apache.catalina.startup.HostConfig.deployDirectory Deploying web application directory G:\program\apache-tomcat-8.0.32\webapps\host-manager
08-Jun-2018 11:55:16.756 INFO [localhost-startStop-1] org.apache.catalina.startup.HostConfig.deployDirectory Deployment of web application directory G:\program\apache-tomcat-8.0.32\webapps\host-manager has finished in 114 ms
08-Jun-2018 11:55:16.757 INFO [localhost-startStop-1] org.apache.catalina.startup.HostConfig.deployDirectory Deploying web application directory G:\program\apache-tomcat-8.0.32\webapps\manager
08-Jun-2018 11:55:16.820 INFO [localhost-startStop-1] org.apache.catalina.startup.HostConfig.deployDirectory Deployment of web application directory G:\program\apache-tomcat-8.0.32\webapps\manager has finished in 63 ms
08-Jun-2018 11:55:16.821 INFO [localhost-startStop-1] org.apache.catalina.startup.HostConfig.deployDirectory Deploying web application directory G:\program\apache-tomcat-8.0.32\webapps\ROOT
08-Jun-2018 11:55:16.878 INFO [localhost-startStop-1] org.apache.catalina.startup.HostConfig.deployDirectory Deployment of web application directory G:\program\apache-tomcat-8.0.32\webapps\ROOT has finished in 57 ms
08-Jun-2018 11:55:16.879 INFO [localhost-startStop-1] org.apache.catalina.startup.HostConfig.deployDirectory Deploying web application directory G:\program\apache-tomcat-8.0.32\webapps\WebSe
08-Jun-2018 11:55:16.979 INFO [localhost-startStop-1] org.apache.catalina.startup.HostConfig.deployDirectory Deployment of web application directory G:\program\apache-tomcat-8.0.32\webapps\WebSe has finished in 100 ms
08-Jun-2018 11:55:16.991 INFO [main] org.apache.coyote.AbstractProtocol.start Starting ProtocolHandler ["http-nio-8080"]
08-Jun-2018 11:55:17.027 INFO [main] org.apache.coyote.AbstractProtocol.start Starting ProtocolHandler ["ajp-nio-8009"]
08-Jun-2018 11:55:17.041 INFO [main] org.apache.catalina.startup.Catalina.start Server startup in 2750 ms
08-Jun-2018 11:59:24.145 SEVERE [main] org.apache.catalina.startup.Catalina.stopServer Could not contact localhost:8005. Tomcat may not be running.
08-Jun-2018 11:59:34.554 INFO [main] org.apache.catalina.startup.VersionLoggerListener.log Server version:        Apache Tomcat/8.0.32
08-Jun-2018 11:59:34.560 INFO [main] org.apache.catalina.startup.VersionLoggerListener.log Server built:          Feb 2 2016 19:34:53 UTC
08-Jun-2018 11:59:34.564 INFO [main] org.apache.catalina.startup.VersionLoggerListener.log Server number:         8.0.32.0
08-Jun-2018 11:59:34.565 INFO [main] org.apache.catalina.startup.VersionLoggerListener.log OS Name:               Windows 10
08-Jun-2018 11:59:34.567 INFO [main] org.apache.catalina.startup.VersionLoggerListener.log OS Version:            10.0
08-Jun-2018 11:59:34.568 INFO [main] org.apache.catalina.startup.VersionLoggerListener.log Architecture:          x86
08-Jun-2018 11:59:34.568 INFO [main] org.apache.catalina.startup.VersionLoggerListener.log Java Home:             G:\java_8\jdk-8u172\jre
08-Jun-2018 11:59:34.571 INFO [main] org.apache.catalina.startup.VersionLoggerListener.log JVM Version:           1.8.0_172-b11
08-Jun-2018 11:59:34.576 INFO [main] org.apache.catalina.startup.VersionLoggerListener.log JVM Vendor:            Oracle Corporation
08-Jun-2018 11:59:34.577 INFO [main] org.apache.catalina.startup.VersionLoggerListener.log CATALINA_BASE:         G:\program\apache-tomcat-8.0.32
08-Jun-2018 11:59:34.578 INFO [main] org.apache.catalina.startup.VersionLoggerListener.log CATALINA_HOME:         G:\program\apache-tomcat-8.0.32
08-Jun-2018 11:59:34.579 INFO [main] org.apache.catalina.startup.VersionLoggerListener.log Command line argument: -Djava.util.logging.config.file=G:\program\apache-tomcat-8.0.32\conf\logging.properties
08-Jun-2018 11:59:34.580 INFO [main] org.apache.catalina.startup.VersionLoggerListener.log Command line argument: -Djava.util.logging.manager=org.apache.juli.ClassLoaderLogManager
08-Jun-2018 11:59:34.581 INFO [main] org.apache.catalina.startup.VersionLoggerListener.log Command line argument: -Djava.endorsed.dirs=G:\program\apache-tomcat-8.0.32\endorsed
08-Jun-2018 11:59:34.581 INFO [main] org.apache.catalina.startup.VersionLoggerListener.log Command line argument: -Dcatalina.base=G:\program\apache-tomcat-8.0.32
08-Jun-2018 11:59:34.583 INFO [main] org.apache.catalina.startup.VersionLoggerListener.log Command line argument: -Dcatalina.home=G:\program\apache-tomcat-8.0.32
08-Jun-2018 11:59:34.583 INFO [main] org.apache.catalina.startup.VersionLoggerListener.log Command line argument: -Djava.io.tmpdir=G:\program\apache-tomcat-8.0.32\temp
08-Jun-2018 11:59:34.591 INFO [main] org.apache.catalina.core.AprLifecycleListener.lifecycleEvent The APR based Apache Tomcat Native library which allows optimal performance in production environments was not found on the java.library.path: G:\java_8\jdk-8u172\bin;C:\Windows\Sun\Java\bin;C:\Windows\system32;C:\Windows;G:\java_8\jdk-8u172\bin;G:\java_8\jdk-8u172\jre\bin;C:\Program Files (x86)\Common Files\Oracle\Java\javapath;C:\Windows\system32;C:\Windows;C:\Windows\System32\Wbem;C:\Windows\System32\WindowsPowerShell\v1.0\;G:\program\mysql-8.0.11-winx64\bin;C:\Users\YD\AppData\Local\Microsoft\WindowsApps;;.
08-Jun-2018 11:59:34.991 INFO [main] org.apache.coyote.AbstractProtocol.init Initializing ProtocolHandler ["http-nio-80"]
08-Jun-2018 11:59:35.625 INFO [main] org.apache.tomcat.util.net.NioSelectorPool.getSharedSelector Using a shared selector for servlet write/read
08-Jun-2018 11:59:35.633 INFO [main] org.apache.coyote.AbstractProtocol.init Initializing ProtocolHandler ["ajp-nio-8009"]
08-Jun-2018 11:59:35.656 INFO [main] org.apache.tomcat.util.net.NioSelectorPool.getSharedSelector Using a shared selector for servlet write/read
08-Jun-2018 11:59:35.657 INFO [main] org.apache.catalina.startup.Catalina.load Initialization processed in 1896 ms
08-Jun-2018 11:59:35.724 INFO [main] org.apache.catalina.core.StandardService.startInternal Starting service Catalina
08-Jun-2018 11:59:35.725 INFO [main] org.apache.catalina.core.StandardEngine.startInternal Starting Servlet Engine: Apache Tomcat/8.0.32
08-Jun-2018 11:59:35.786 INFO [localhost-startStop-1] org.apache.catalina.startup.HostConfig.deployWAR Deploying web application archive G:\program\apache-tomcat-8.0.32\webapps\ShareTime_war.war
08-Jun-2018 11:59:36.109 WARNING [localhost-startStop-1] org.apache.tomcat.util.descriptor.web.WebXml.setVersion Unknown version string [4.0]. Default version will be used.
08-Jun-2018 11:59:36.341 SEVERE [localhost-startStop-1] org.apache.catalina.core.StandardContext.startInternal One or more listeners failed to start. Full details will be found in the appropriate container log file
08-Jun-2018 11:59:36.346 SEVERE [localhost-startStop-1] org.apache.catalina.core.StandardContext.startInternal Context [/ShareTime_war] startup failed due to previous errors
08-Jun-2018 11:59:36.375 INFO [localhost-startStop-1] org.apache.catalina.startup.HostConfig.deployWAR Deployment of web application archive G:\program\apache-tomcat-8.0.32\webapps\ShareTime_war.war has finished in 588 ms
08-Jun-2018 11:59:36.377 INFO [localhost-startStop-1] org.apache.catalina.startup.HostConfig.deployDirectory Deploying web application directory G:\program\apache-tomcat-8.0.32\webapps\docs
08-Jun-2018 11:59:36.469 INFO [localhost-startStop-1] org.apache.catalina.startup.HostConfig.deployDirectory Deployment of web application directory G:\program\apache-tomcat-8.0.32\webapps\docs has finished in 91 ms
08-Jun-2018 11:59:36.470 INFO [localhost-startStop-1] org.apache.catalina.startup.HostConfig.deployDirectory Deploying web application directory G:\program\apache-tomcat-8.0.32\webapps\examples
08-Jun-2018 11:59:37.298 INFO [localhost-startStop-1] org.apache.catalina.startup.HostConfig.deployDirectory Deployment of web application directory G:\program\apache-tomcat-8.0.32\webapps\examples has finished in 829 ms
08-Jun-2018 11:59:37.299 INFO [localhost-startStop-1] org.apache.catalina.startup.HostConfig.deployDirectory Deploying web application directory G:\program\apache-tomcat-8.0.32\webapps\host-manager
08-Jun-2018 11:59:37.369 INFO [localhost-startStop-1] org.apache.catalina.startup.HostConfig.deployDirectory Deployment of web application directory G:\program\apache-tomcat-8.0.32\webapps\host-manager has finished in 70 ms
08-Jun-2018 11:59:37.370 INFO [localhost-startStop-1] org.apache.catalina.startup.HostConfig.deployDirectory Deploying web application directory G:\program\apache-tomcat-8.0.32\webapps\manager
08-Jun-2018 11:59:37.436 INFO [localhost-startStop-1] org.apache.catalina.startup.HostConfig.deployDirectory Deployment of web application directory G:\program\apache-tomcat-8.0.32\webapps\manager has finished in 66 ms
08-Jun-2018 11:59:37.437 INFO [localhost-startStop-1] org.apache.catalina.startup.HostConfig.deployDirectory Deploying web application directory G:\program\apache-tomcat-8.0.32\webapps\ROOT
08-Jun-2018 11:59:37.479 INFO [localhost-startStop-1] org.apache.catalina.startup.HostConfig.deployDirectory Deployment of web application directory G:\program\apache-tomcat-8.0.32\webapps\ROOT has finished in 41 ms
08-Jun-2018 11:59:37.479 INFO [localhost-startStop-1] org.apache.catalina.startup.HostConfig.deployDirectory Deploying web application directory G:\program\apache-tomcat-8.0.32\webapps\WebSe
08-Jun-2018 11:59:37.549 INFO [localhost-startStop-1] org.apache.catalina.startup.HostConfig.deployDirectory Deployment of web application directory G:\program\apache-tomcat-8.0.32\webapps\WebSe has finished in 70 ms
08-Jun-2018 11:59:37.557 INFO [main] org.apache.coyote.AbstractProtocol.start Starting ProtocolHandler ["http-nio-80"]
08-Jun-2018 11:59:37.583 INFO [main] org.apache.coyote.AbstractProtocol.start Starting ProtocolHandler ["ajp-nio-8009"]
08-Jun-2018 11:59:37.597 INFO [main] org.apache.catalina.startup.Catalina.start Server startup in 1937 ms
08-Jun-2018 12:01:26.975 SEVERE [main] org.apache.catalina.startup.Catalina.stopServer Could not contact localhost:8005. Tomcat may not be running.
08-Jun-2018 12:02:31.818 INFO [main] org.apache.catalina.startup.VersionLoggerListener.log Server version:        Apache Tomcat/8.0.32
08-Jun-2018 12:02:31.823 INFO [main] org.apache.catalina.startup.VersionLoggerListener.log Server built:          Feb 2 2016 19:34:53 UTC
08-Jun-2018 12:02:31.825 INFO [main] org.apache.catalina.startup.VersionLoggerListener.log Server number:         8.0.32.0
08-Jun-2018 12:02:31.825 INFO [main] org.apache.catalina.startup.VersionLoggerListener.log OS Name:               Windows 10
08-Jun-2018 12:02:31.826 INFO [main] org.apache.catalina.startup.VersionLoggerListener.log OS Version:            10.0
08-Jun-2018 12:02:31.826 INFO [main] org.apache.catalina.startup.VersionLoggerListener.log Architecture:          x86
08-Jun-2018 12:02:31.826 INFO [main] org.apache.catalina.startup.VersionLoggerListener.log Java Home:             G:\java_8\jdk-8u172\jre
08-Jun-2018 12:02:31.827 INFO [main] org.apache.catalina.startup.VersionLoggerListener.log JVM Version:           1.8.0_172-b11
08-Jun-2018 12:02:31.828 INFO [main] org.apache.catalina.startup.VersionLoggerListener.log JVM Vendor:            Oracle Corporation
08-Jun-2018 12:02:31.829 INFO [main] org.apache.catalina.startup.VersionLoggerListener.log CATALINA_BASE:         G:\program\apache-tomcat-8.0.32
08-Jun-2018 12:02:31.830 INFO [main] org.apache.catalina.startup.VersionLoggerListener.log CATALINA_HOME:         G:\program\apache-tomcat-8.0.32
08-Jun-2018 12:02:31.838 INFO [main] org.apache.catalina.startup.VersionLoggerListener.log Command line argument: -Djava.util.logging.config.file=G:\program\apache-tomcat-8.0.32\conf\logging.properties
08-Jun-2018 12:02:31.839 INFO [main] org.apache.catalina.startup.VersionLoggerListener.log Command line argument: -Djava.util.logging.manager=org.apache.juli.ClassLoaderLogManager
08-Jun-2018 12:02:31.840 INFO [main] org.apache.catalina.startup.VersionLoggerListener.log Command line argument: -Djava.endorsed.dirs=G:\program\apache-tomcat-8.0.32\endorsed
08-Jun-2018 12:02:31.840 INFO [main] org.apache.catalina.startup.VersionLoggerListener.log Command line argument: -Dcatalina.base=G:\program\apache-tomcat-8.0.32
08-Jun-2018 12:02:31.844 INFO [main] org.apache.catalina.startup.VersionLoggerListener.log Command line argument: -Dcatalina.home=G:\program\apache-tomcat-8.0.32
08-Jun-2018 12:02:31.844 INFO [main] org.apache.catalina.startup.VersionLoggerListener.log Command line argument: -Djava.io.tmpdir=G:\program\apache-tomcat-8.0.32\temp
08-Jun-2018 12:02:31.853 INFO [main] org.apache.catalina.core.AprLifecycleListener.lifecycleEvent The APR based Apache Tomcat Native library which allows optimal performance in production environments was not found on the java.library.path: G:\java_8\jdk-8u172\bin;C:\Windows\Sun\Java\bin;C:\Windows\system32;C:\Windows;G:\java_8\jdk-8u172\bin;G:\java_8\jdk-8u172\jre\bin;C:\Program Files (x86)\Common Files\Oracle\Java\javapath;C:\Windows\system32;C:\Windows;C:\Windows\System32\Wbem;C:\Windows\System32\WindowsPowerShell\v1.0\;G:\program\mysql-8.0.11-winx64\bin;C:\Users\YD\AppData\Local\Microsoft\WindowsApps;;.
08-Jun-2018 12:02:32.278 INFO [main] org.apache.coyote.AbstractProtocol.init Initializing ProtocolHandler ["http-nio-8080"]
08-Jun-2018 12:02:33.046 INFO [main] org.apache.tomcat.util.net.NioSelectorPool.getSharedSelector Using a shared selector for servlet write/read
08-Jun-2018 12:02:33.055 INFO [main] org.apache.coyote.AbstractProtocol.init Initializing ProtocolHandler ["ajp-nio-8009"]
08-Jun-2018 12:02:33.088 INFO [main] org.apache.tomcat.util.net.NioSelectorPool.getSharedSelector Using a shared selector for servlet write/read
08-Jun-2018 12:02:33.090 INFO [main] org.apache.catalina.startup.Catalina.load Initialization processed in 2283 ms
08-Jun-2018 12:02:33.156 INFO [main] org.apache.catalina.core.StandardService.startInternal Starting service Catalina
08-Jun-2018 12:02:33.157 INFO [main] org.apache.catalina.core.StandardEngine.startInternal Starting Servlet Engine: Apache Tomcat/8.0.32
08-Jun-2018 12:02:33.226 INFO [localhost-startStop-1] org.apache.catalina.startup.HostConfig.deployWAR Deploying web application archive G:\program\apache-tomcat-8.0.32\webapps\ShareTime.war
08-Jun-2018 12:02:33.780 WARNING [localhost-startStop-1] org.apache.tomcat.util.descriptor.web.WebXml.setVersion Unknown version string [4.0]. Default version will be used.
08-Jun-2018 12:02:34.043 SEVERE [localhost-startStop-1] org.apache.catalina.core.StandardContext.startInternal One or more listeners failed to start. Full details will be found in the appropriate container log file
08-Jun-2018 12:02:34.046 SEVERE [localhost-startStop-1] org.apache.catalina.core.StandardContext.startInternal Context [/ShareTime] startup failed due to previous errors
08-Jun-2018 12:02:34.080 INFO [localhost-startStop-1] org.apache.catalina.startup.HostConfig.deployWAR Deployment of web application archive G:\program\apache-tomcat-8.0.32\webapps\ShareTime.war has finished in 852 ms
08-Jun-2018 12:02:34.084 INFO [localhost-startStop-1] org.apache.catalina.startup.HostConfig.deployDirectory Deploying web application directory G:\program\apache-tomcat-8.0.32\webapps\docs
08-Jun-2018 12:02:34.199 INFO [localhost-startStop-1] org.apache.catalina.startup.HostConfig.deployDirectory Deployment of web application directory G:\program\apache-tomcat-8.0.32\webapps\docs has finished in 115 ms
08-Jun-2018 12:02:34.199 INFO [localhost-startStop-1] org.apache.catalina.startup.HostConfig.deployDirectory Deploying web application directory G:\program\apache-tomcat-8.0.32\webapps\examples
08-Jun-2018 12:02:35.237 INFO [localhost-startStop-1] org.apache.catalina.startup.HostConfig.deployDirectory Deployment of web application directory G:\program\apache-tomcat-8.0.32\webapps\examples has finished in 1,038 ms
08-Jun-2018 12:02:35.238 INFO [localhost-startStop-1] org.apache.catalina.startup.HostConfig.deployDirectory Deploying web application directory G:\program\apache-tomcat-8.0.32\webapps\host-manager
08-Jun-2018 12:02:35.316 INFO [localhost-startStop-1] org.apache.catalina.startup.HostConfig.deployDirectory Deployment of web application directory G:\program\apache-tomcat-8.0.32\webapps\host-manager has finished in 78 ms
08-Jun-2018 12:02:35.318 INFO [localhost-startStop-1] org.apache.catalina.startup.HostConfig.deployDirectory Deploying web application directory G:\program\apache-tomcat-8.0.32\webapps\manager
08-Jun-2018 12:02:35.396 INFO [localhost-startStop-1] org.apache.catalina.startup.HostConfig.deployDirectory Deployment of web application directory G:\program\apache-tomcat-8.0.32\webapps\manager has finished in 78 ms
08-Jun-2018 12:02:35.396 INFO [localhost-startStop-1] org.apache.catalina.startup.HostConfig.deployDirectory Deploying web application directory G:\program\apache-tomcat-8.0.32\webapps\ROOT
08-Jun-2018 12:02:35.444 INFO [localhost-startStop-1] org.apache.catalina.startup.HostConfig.deployDirectory Deployment of web application directory G:\program\apache-tomcat-8.0.32\webapps\ROOT has finished in 47 ms
08-Jun-2018 12:02:35.444 INFO [localhost-startStop-1] org.apache.catalina.startup.HostConfig.deployDirectory Deploying web application directory G:\program\apache-tomcat-8.0.32\webapps\WebSe
08-Jun-2018 12:02:35.527 INFO [localhost-startStop-1] org.apache.catalina.startup.HostConfig.deployDirectory Deployment of web application directory G:\program\apache-tomcat-8.0.32\webapps\WebSe has finished in 83 ms
08-Jun-2018 12:02:35.555 INFO [main] org.apache.coyote.AbstractProtocol.start Starting ProtocolHandler ["http-nio-8080"]
08-Jun-2018 12:02:35.595 INFO [main] org.apache.coyote.AbstractProtocol.start Starting ProtocolHandler ["ajp-nio-8009"]
08-Jun-2018 12:02:35.614 INFO [main] org.apache.catalina.startup.Catalina.start Server startup in 2519 ms
08-Jun-2018 12:03:38.500 WARNING [main] org.apache.catalina.core.StandardServer.await StandardServer.await: Invalid command '' received
