23-Apr-2018 19:01:22.087 INFO [main] org.apache.catalina.startup.VersionLoggerListener.log Server version:        Apache Tomcat/8.0.32
23-Apr-2018 19:01:22.089 INFO [main] org.apache.catalina.startup.VersionLoggerListener.log Server built:          Feb 2 2016 19:34:53 UTC
23-Apr-2018 19:01:22.090 INFO [main] org.apache.catalina.startup.VersionLoggerListener.log Server number:         8.0.32.0
23-Apr-2018 19:01:22.093 INFO [main] org.apache.catalina.startup.VersionLoggerListener.log OS Name:               Windows 10
23-Apr-2018 19:01:22.094 INFO [main] org.apache.catalina.startup.VersionLoggerListener.log OS Version:            10.0
23-Apr-2018 19:01:22.094 INFO [main] org.apache.catalina.startup.VersionLoggerListener.log Architecture:          x86
23-Apr-2018 19:01:22.094 INFO [main] org.apache.catalina.startup.VersionLoggerListener.log Java Home:             G:\java_8\jdk-8u172\jre
23-Apr-2018 19:01:22.096 INFO [main] org.apache.catalina.startup.VersionLoggerListener.log JVM Version:           1.8.0_172-b11
23-Apr-2018 19:01:22.096 INFO [main] org.apache.catalina.startup.VersionLoggerListener.log JVM Vendor:            Oracle Corporation
23-Apr-2018 19:01:22.097 INFO [main] org.apache.catalina.startup.VersionLoggerListener.log CATALINA_BASE:         G:\program\apache-tomcat-8.0.32
23-Apr-2018 19:01:22.098 INFO [main] org.apache.catalina.startup.VersionLoggerListener.log CATALINA_HOME:         G:\program\apache-tomcat-8.0.32
23-Apr-2018 19:01:22.098 INFO [main] org.apache.catalina.startup.VersionLoggerListener.log Command line argument: -Djava.util.logging.config.file=G:\program\apache-tomcat-8.0.32\conf\logging.properties
23-Apr-2018 19:01:22.102 INFO [main] org.apache.catalina.startup.VersionLoggerListener.log Command line argument: -Djava.util.logging.manager=org.apache.juli.ClassLoaderLogManager
23-Apr-2018 19:01:22.102 INFO [main] org.apache.catalina.startup.VersionLoggerListener.log Command line argument: -Djava.endorsed.dirs=G:\program\apache-tomcat-8.0.32\endorsed
23-Apr-2018 19:01:22.102 INFO [main] org.apache.catalina.startup.VersionLoggerListener.log Command line argument: -Dcatalina.base=G:\program\apache-tomcat-8.0.32
23-Apr-2018 19:01:22.102 INFO [main] org.apache.catalina.startup.VersionLoggerListener.log Command line argument: -Dcatalina.home=G:\program\apache-tomcat-8.0.32
23-Apr-2018 19:01:22.103 INFO [main] org.apache.catalina.startup.VersionLoggerListener.log Command line argument: -Djava.io.tmpdir=G:\program\apache-tomcat-8.0.32\temp
23-Apr-2018 19:01:22.104 INFO [main] org.apache.catalina.core.AprLifecycleListener.lifecycleEvent The APR based Apache Tomcat Native library which allows optimal performance in production environments was not found on the java.library.path: G:\java_8\jdk-8u172\bin;C:\Windows\Sun\Java\bin;C:\Windows\system32;C:\Windows;G:\java_8\jdk-8u172\bin;G:\java_8\jdk-8u172\jre\bin;C:\Program Files (x86)\Common Files\Oracle\Java\javapath;C:\Windows\system32;C:\Windows;C:\Windows\System32\Wbem;C:\Windows\System32\WindowsPowerShell\v1.0\;C:\Users\YD\AppData\Local\Microsoft\WindowsApps;;.
23-Apr-2018 19:01:22.402 INFO [main] org.apache.coyote.AbstractProtocol.init Initializing ProtocolHandler ["http-nio-8080"]
23-Apr-2018 19:01:22.802 INFO [main] org.apache.tomcat.util.net.NioSelectorPool.getSharedSelector Using a shared selector for servlet write/read
23-Apr-2018 19:01:22.815 INFO [main] org.apache.coyote.AbstractProtocol.init Initializing ProtocolHandler ["ajp-nio-8009"]
23-Apr-2018 19:01:22.845 INFO [main] org.apache.tomcat.util.net.NioSelectorPool.getSharedSelector Using a shared selector for servlet write/read
23-Apr-2018 19:01:22.846 INFO [main] org.apache.catalina.startup.Catalina.load Initialization processed in 1575 ms
23-Apr-2018 19:01:22.912 INFO [main] org.apache.catalina.core.StandardService.startInternal Starting service Catalina
23-Apr-2018 19:01:22.913 INFO [main] org.apache.catalina.core.StandardEngine.startInternal Starting Servlet Engine: Apache Tomcat/8.0.32
23-Apr-2018 19:01:23.005 INFO [localhost-startStop-1] org.apache.catalina.startup.HostConfig.deployWAR Deploying web application archive G:\program\apache-tomcat-8.0.32\webapps\Dawn.war
23-Apr-2018 19:01:23.633 INFO [localhost-startStop-1] org.apache.catalina.startup.HostConfig.deployWAR Deployment of web application archive G:\program\apache-tomcat-8.0.32\webapps\Dawn.war has finished in 627 ms
23-Apr-2018 19:01:23.635 INFO [localhost-startStop-1] org.apache.catalina.startup.HostConfig.deployDirectory Deploying web application directory G:\program\apache-tomcat-8.0.32\webapps\docs
23-Apr-2018 19:01:23.682 INFO [localhost-startStop-1] org.apache.catalina.startup.HostConfig.deployDirectory Deployment of web application directory G:\program\apache-tomcat-8.0.32\webapps\docs has finished in 46 ms
23-Apr-2018 19:01:23.682 INFO [localhost-startStop-1] org.apache.catalina.startup.HostConfig.deployDirectory Deploying web application directory G:\program\apache-tomcat-8.0.32\webapps\examples
23-Apr-2018 19:01:24.377 INFO [localhost-startStop-1] org.apache.catalina.startup.HostConfig.deployDirectory Deployment of web application directory G:\program\apache-tomcat-8.0.32\webapps\examples has finished in 695 ms
23-Apr-2018 19:01:24.378 INFO [localhost-startStop-1] org.apache.catalina.startup.HostConfig.deployDirectory Deploying web application directory G:\program\apache-tomcat-8.0.32\webapps\host-manager
23-Apr-2018 19:01:24.443 INFO [localhost-startStop-1] org.apache.catalina.startup.HostConfig.deployDirectory Deployment of web application directory G:\program\apache-tomcat-8.0.32\webapps\host-manager has finished in 65 ms
23-Apr-2018 19:01:24.444 INFO [localhost-startStop-1] org.apache.catalina.startup.HostConfig.deployDirectory Deploying web application directory G:\program\apache-tomcat-8.0.32\webapps\manager
23-Apr-2018 19:01:24.497 INFO [localhost-startStop-1] org.apache.catalina.startup.HostConfig.deployDirectory Deployment of web application directory G:\program\apache-tomcat-8.0.32\webapps\manager has finished in 53 ms
23-Apr-2018 19:01:24.498 INFO [localhost-startStop-1] org.apache.catalina.startup.HostConfig.deployDirectory Deploying web application directory G:\program\apache-tomcat-8.0.32\webapps\ROOT
23-Apr-2018 19:01:24.550 INFO [localhost-startStop-1] org.apache.catalina.startup.HostConfig.deployDirectory Deployment of web application directory G:\program\apache-tomcat-8.0.32\webapps\ROOT has finished in 52 ms
23-Apr-2018 19:01:24.556 INFO [main] org.apache.coyote.AbstractProtocol.start Starting ProtocolHandler ["http-nio-8080"]
23-Apr-2018 19:01:24.581 INFO [main] org.apache.coyote.AbstractProtocol.start Starting ProtocolHandler ["ajp-nio-8009"]
23-Apr-2018 19:01:24.594 INFO [main] org.apache.catalina.startup.Catalina.start Server startup in 1747 ms
23-Apr-2018 19:06:53.631 WARNING [main] org.apache.tomcat.util.digester.SetPropertiesRule.begin [SetPropertiesRule]{Server/Service/Engine/Host/Context} Setting property 'docsbase' to '/Dawn' did not find a matching property.
23-Apr-2018 19:06:53.676 INFO [main] org.apache.catalina.startup.VersionLoggerListener.log Server version:        Apache Tomcat/8.0.32
23-Apr-2018 19:06:53.677 INFO [main] org.apache.catalina.startup.VersionLoggerListener.log Server built:          Feb 2 2016 19:34:53 UTC
23-Apr-2018 19:06:53.677 INFO [main] org.apache.catalina.startup.VersionLoggerListener.log Server number:         8.0.32.0
23-Apr-2018 19:06:53.677 INFO [main] org.apache.catalina.startup.VersionLoggerListener.log OS Name:               Windows 10
23-Apr-2018 19:06:53.678 INFO [main] org.apache.catalina.startup.VersionLoggerListener.log OS Version:            10.0
23-Apr-2018 19:06:53.678 INFO [main] org.apache.catalina.startup.VersionLoggerListener.log Architecture:          x86
23-Apr-2018 19:06:53.679 INFO [main] org.apache.catalina.startup.VersionLoggerListener.log Java Home:             G:\java_8\jdk-8u172\jre
23-Apr-2018 19:06:53.679 INFO [main] org.apache.catalina.startup.VersionLoggerListener.log JVM Version:           1.8.0_172-b11
23-Apr-2018 19:06:53.679 INFO [main] org.apache.catalina.startup.VersionLoggerListener.log JVM Vendor:            Oracle Corporation
23-Apr-2018 19:06:53.679 INFO [main] org.apache.catalina.startup.VersionLoggerListener.log CATALINA_BASE:         G:\program\apache-tomcat-8.0.32
23-Apr-2018 19:06:53.680 INFO [main] org.apache.catalina.startup.VersionLoggerListener.log CATALINA_HOME:         G:\program\apache-tomcat-8.0.32
23-Apr-2018 19:06:53.680 INFO [main] org.apache.catalina.startup.VersionLoggerListener.log Command line argument: -Djava.util.logging.config.file=G:\program\apache-tomcat-8.0.32\conf\logging.properties
23-Apr-2018 19:06:53.680 INFO [main] org.apache.catalina.startup.VersionLoggerListener.log Command line argument: -Djava.util.logging.manager=org.apache.juli.ClassLoaderLogManager
23-Apr-2018 19:06:53.681 INFO [main] org.apache.catalina.startup.VersionLoggerListener.log Command line argument: -Djava.endorsed.dirs=G:\program\apache-tomcat-8.0.32\endorsed
23-Apr-2018 19:06:53.681 INFO [main] org.apache.catalina.startup.VersionLoggerListener.log Command line argument: -Dcatalina.base=G:\program\apache-tomcat-8.0.32
23-Apr-2018 19:06:53.681 INFO [main] org.apache.catalina.startup.VersionLoggerListener.log Command line argument: -Dcatalina.home=G:\program\apache-tomcat-8.0.32
23-Apr-2018 19:06:53.682 INFO [main] org.apache.catalina.startup.VersionLoggerListener.log Command line argument: -Djava.io.tmpdir=G:\program\apache-tomcat-8.0.32\temp
23-Apr-2018 19:06:53.684 INFO [main] org.apache.catalina.core.AprLifecycleListener.lifecycleEvent The APR based Apache Tomcat Native library which allows optimal performance in production environments was not found on the java.library.path: G:\java_8\jdk-8u172\bin;C:\Windows\Sun\Java\bin;C:\Windows\system32;C:\Windows;G:\java_8\jdk-8u172\bin;G:\java_8\jdk-8u172\jre\bin;C:\Program Files (x86)\Common Files\Oracle\Java\javapath;C:\Windows\system32;C:\Windows;C:\Windows\System32\Wbem;C:\Windows\System32\WindowsPowerShell\v1.0\;C:\Users\YD\AppData\Local\Microsoft\WindowsApps;;.
23-Apr-2018 19:06:53.967 INFO [main] org.apache.coyote.AbstractProtocol.init Initializing ProtocolHandler ["http-nio-8080"]
23-Apr-2018 19:06:54.366 INFO [main] org.apache.tomcat.util.net.NioSelectorPool.getSharedSelector Using a shared selector for servlet write/read
23-Apr-2018 19:06:54.374 INFO [main] org.apache.coyote.AbstractProtocol.init Initializing ProtocolHandler ["ajp-nio-8009"]
23-Apr-2018 19:06:54.393 INFO [main] org.apache.tomcat.util.net.NioSelectorPool.getSharedSelector Using a shared selector for servlet write/read
23-Apr-2018 19:06:54.395 INFO [main] org.apache.catalina.startup.Catalina.load Initialization processed in 1487 ms
23-Apr-2018 19:06:54.481 INFO [main] org.apache.catalina.core.StandardService.startInternal Starting service Catalina
23-Apr-2018 19:06:54.481 INFO [main] org.apache.catalina.core.StandardEngine.startInternal Starting Servlet Engine: Apache Tomcat/8.0.32
23-Apr-2018 19:06:54.922 INFO [localhost-startStop-1] org.apache.catalina.startup.HostConfig.deployWAR Deploying web application archive G:\program\apache-tomcat-8.0.32\webapps\Dawn.war
23-Apr-2018 19:06:55.004 INFO [localhost-startStop-1] org.apache.catalina.startup.HostConfig.deployWAR Deployment of web application archive G:\program\apache-tomcat-8.0.32\webapps\Dawn.war has finished in 81 ms
23-Apr-2018 19:06:55.007 INFO [localhost-startStop-1] org.apache.catalina.startup.HostConfig.deployDirectory Deploying web application directory G:\program\apache-tomcat-8.0.32\webapps\docs
23-Apr-2018 19:06:55.051 INFO [localhost-startStop-1] org.apache.catalina.startup.HostConfig.deployDirectory Deployment of web application directory G:\program\apache-tomcat-8.0.32\webapps\docs has finished in 44 ms
23-Apr-2018 19:06:55.051 INFO [localhost-startStop-1] org.apache.catalina.startup.HostConfig.deployDirectory Deploying web application directory G:\program\apache-tomcat-8.0.32\webapps\examples
23-Apr-2018 19:06:55.792 INFO [localhost-startStop-1] org.apache.catalina.startup.HostConfig.deployDirectory Deployment of web application directory G:\program\apache-tomcat-8.0.32\webapps\examples has finished in 741 ms
23-Apr-2018 19:06:55.793 INFO [localhost-startStop-1] org.apache.catalina.startup.HostConfig.deployDirectory Deploying web application directory G:\program\apache-tomcat-8.0.32\webapps\host-manager
23-Apr-2018 19:06:55.847 INFO [localhost-startStop-1] org.apache.catalina.startup.HostConfig.deployDirectory Deployment of web application directory G:\program\apache-tomcat-8.0.32\webapps\host-manager has finished in 55 ms
23-Apr-2018 19:06:55.847 INFO [localhost-startStop-1] org.apache.catalina.startup.HostConfig.deployDirectory Deploying web application directory G:\program\apache-tomcat-8.0.32\webapps\manager
23-Apr-2018 19:06:55.893 INFO [localhost-startStop-1] org.apache.catalina.startup.HostConfig.deployDirectory Deployment of web application directory G:\program\apache-tomcat-8.0.32\webapps\manager has finished in 46 ms
23-Apr-2018 19:06:55.910 INFO [main] org.apache.coyote.AbstractProtocol.start Starting ProtocolHandler ["http-nio-8080"]
23-Apr-2018 19:06:55.932 INFO [main] org.apache.coyote.AbstractProtocol.start Starting ProtocolHandler ["ajp-nio-8009"]
23-Apr-2018 19:06:55.944 INFO [main] org.apache.catalina.startup.Catalina.start Server startup in 1546 ms
23-Apr-2018 19:52:33.746 WARNING [main] org.apache.catalina.core.StandardContext.setPath A context path must either be an empty string or start with a '/' and do not end with a '/'. The path [ ] does not meet these criteria and has been changed to [/ ]
23-Apr-2018 19:52:33.798 INFO [main] org.apache.catalina.startup.VersionLoggerListener.log Server version:        Apache Tomcat/8.0.32
23-Apr-2018 19:52:33.798 INFO [main] org.apache.catalina.startup.VersionLoggerListener.log Server built:          Feb 2 2016 19:34:53 UTC
23-Apr-2018 19:52:33.799 INFO [main] org.apache.catalina.startup.VersionLoggerListener.log Server number:         8.0.32.0
23-Apr-2018 19:52:33.799 INFO [main] org.apache.catalina.startup.VersionLoggerListener.log OS Name:               Windows 10
23-Apr-2018 19:52:33.800 INFO [main] org.apache.catalina.startup.VersionLoggerListener.log OS Version:            10.0
23-Apr-2018 19:52:33.800 INFO [main] org.apache.catalina.startup.VersionLoggerListener.log Architecture:          x86
23-Apr-2018 19:52:33.800 INFO [main] org.apache.catalina.startup.VersionLoggerListener.log Java Home:             G:\java_8\jdk-8u172\jre
23-Apr-2018 19:52:33.800 INFO [main] org.apache.catalina.startup.VersionLoggerListener.log JVM Version:           1.8.0_172-b11
23-Apr-2018 19:52:33.801 INFO [main] org.apache.catalina.startup.VersionLoggerListener.log JVM Vendor:            Oracle Corporation
23-Apr-2018 19:52:33.801 INFO [main] org.apache.catalina.startup.VersionLoggerListener.log CATALINA_BASE:         G:\program\apache-tomcat-8.0.32
23-Apr-2018 19:52:33.801 INFO [main] org.apache.catalina.startup.VersionLoggerListener.log CATALINA_HOME:         G:\program\apache-tomcat-8.0.32
23-Apr-2018 19:52:33.802 INFO [main] org.apache.catalina.startup.VersionLoggerListener.log Command line argument: -Djava.util.logging.config.file=G:\program\apache-tomcat-8.0.32\conf\logging.properties
23-Apr-2018 19:52:33.804 INFO [main] org.apache.catalina.startup.VersionLoggerListener.log Command line argument: -Djava.util.logging.manager=org.apache.juli.ClassLoaderLogManager
23-Apr-2018 19:52:33.806 INFO [main] org.apache.catalina.startup.VersionLoggerListener.log Command line argument: -Djava.endorsed.dirs=G:\program\apache-tomcat-8.0.32\endorsed
23-Apr-2018 19:52:33.806 INFO [main] org.apache.catalina.startup.VersionLoggerListener.log Command line argument: -Dcatalina.base=G:\program\apache-tomcat-8.0.32
23-Apr-2018 19:52:33.806 INFO [main] org.apache.catalina.startup.VersionLoggerListener.log Command line argument: -Dcatalina.home=G:\program\apache-tomcat-8.0.32
23-Apr-2018 19:52:33.810 INFO [main] org.apache.catalina.startup.VersionLoggerListener.log Command line argument: -Djava.io.tmpdir=G:\program\apache-tomcat-8.0.32\temp
23-Apr-2018 19:52:33.819 INFO [main] org.apache.catalina.core.AprLifecycleListener.lifecycleEvent The APR based Apache Tomcat Native library which allows optimal performance in production environments was not found on the java.library.path: G:\java_8\jdk-8u172\bin;C:\Windows\Sun\Java\bin;C:\Windows\system32;C:\Windows;G:\java_8\jdk-8u172\bin;G:\java_8\jdk-8u172\jre\bin;C:\Program Files (x86)\Common Files\Oracle\Java\javapath;C:\Windows\system32;C:\Windows;C:\Windows\System32\Wbem;C:\Windows\System32\WindowsPowerShell\v1.0\;C:\Users\YD\AppData\Local\Microsoft\WindowsApps;;.
23-Apr-2018 19:52:34.097 INFO [main] org.apache.coyote.AbstractProtocol.init Initializing ProtocolHandler ["http-nio-8080"]
23-Apr-2018 19:52:34.443 INFO [main] org.apache.tomcat.util.net.NioSelectorPool.getSharedSelector Using a shared selector for servlet write/read
23-Apr-2018 19:52:34.450 INFO [main] org.apache.coyote.AbstractProtocol.init Initializing ProtocolHandler ["ajp-nio-8009"]
23-Apr-2018 19:52:34.462 INFO [main] org.apache.tomcat.util.net.NioSelectorPool.getSharedSelector Using a shared selector for servlet write/read
23-Apr-2018 19:52:34.463 INFO [main] org.apache.catalina.startup.Catalina.load Initialization processed in 1459 ms
23-Apr-2018 19:52:34.514 INFO [main] org.apache.catalina.core.StandardService.startInternal Starting service Catalina
23-Apr-2018 19:52:34.515 INFO [main] org.apache.catalina.core.StandardEngine.startInternal Starting Servlet Engine: Apache Tomcat/8.0.32
23-Apr-2018 19:52:34.995 INFO [localhost-startStop-1] org.apache.catalina.startup.HostConfig.deployWAR Deploying web application archive G:\program\apache-tomcat-8.0.32\webapps\Dawn.war
23-Apr-2018 19:52:35.051 INFO [localhost-startStop-1] org.apache.catalina.startup.HostConfig.deployWAR Deployment of web application archive G:\program\apache-tomcat-8.0.32\webapps\Dawn.war has finished in 55 ms
23-Apr-2018 19:52:35.053 INFO [localhost-startStop-1] org.apache.catalina.startup.HostConfig.deployDirectory Deploying web application directory G:\program\apache-tomcat-8.0.32\webapps\docs
23-Apr-2018 19:52:35.096 INFO [localhost-startStop-1] org.apache.catalina.startup.HostConfig.deployDirectory Deployment of web application directory G:\program\apache-tomcat-8.0.32\webapps\docs has finished in 43 ms
23-Apr-2018 19:52:35.097 INFO [localhost-startStop-1] org.apache.catalina.startup.HostConfig.deployDirectory Deploying web application directory G:\program\apache-tomcat-8.0.32\webapps\examples
23-Apr-2018 19:52:35.800 INFO [localhost-startStop-1] org.apache.catalina.startup.HostConfig.deployDirectory Deployment of web application directory G:\program\apache-tomcat-8.0.32\webapps\examples has finished in 703 ms
23-Apr-2018 19:52:35.801 INFO [localhost-startStop-1] org.apache.catalina.startup.HostConfig.deployDirectory Deploying web application directory G:\program\apache-tomcat-8.0.32\webapps\host-manager
23-Apr-2018 19:52:35.853 INFO [localhost-startStop-1] org.apache.catalina.startup.HostConfig.deployDirectory Deployment of web application directory G:\program\apache-tomcat-8.0.32\webapps\host-manager has finished in 52 ms
23-Apr-2018 19:52:35.854 INFO [localhost-startStop-1] org.apache.catalina.startup.HostConfig.deployDirectory Deploying web application directory G:\program\apache-tomcat-8.0.32\webapps\manager
23-Apr-2018 19:52:35.899 INFO [localhost-startStop-1] org.apache.catalina.startup.HostConfig.deployDirectory Deployment of web application directory G:\program\apache-tomcat-8.0.32\webapps\manager has finished in 44 ms
23-Apr-2018 19:52:35.899 INFO [localhost-startStop-1] org.apache.catalina.startup.HostConfig.deployDirectory Deploying web application directory G:\program\apache-tomcat-8.0.32\webapps\ROOT
23-Apr-2018 19:52:35.947 INFO [localhost-startStop-1] org.apache.catalina.startup.HostConfig.deployDirectory Deployment of web application directory G:\program\apache-tomcat-8.0.32\webapps\ROOT has finished in 48 ms
23-Apr-2018 19:52:35.959 INFO [main] org.apache.coyote.AbstractProtocol.start Starting ProtocolHandler ["http-nio-8080"]
23-Apr-2018 19:52:35.983 INFO [main] org.apache.coyote.AbstractProtocol.start Starting ProtocolHandler ["ajp-nio-8009"]
23-Apr-2018 19:52:35.997 INFO [main] org.apache.catalina.startup.Catalina.start Server startup in 1531 ms
23-Apr-2018 19:55:57.868 INFO [main] org.apache.catalina.core.StandardServer.await A valid shutdown command was received via the shutdown port. Stopping the Server instance.
23-Apr-2018 19:55:57.869 INFO [main] org.apache.coyote.AbstractProtocol.pause Pausing ProtocolHandler ["http-nio-8080"]
23-Apr-2018 19:55:57.929 INFO [main] org.apache.coyote.AbstractProtocol.pause Pausing ProtocolHandler ["ajp-nio-8009"]
23-Apr-2018 19:55:57.982 INFO [main] org.apache.catalina.core.StandardService.stopInternal Stopping service Catalina
23-Apr-2018 19:55:58.054 INFO [main] org.apache.coyote.AbstractProtocol.stop Stopping ProtocolHandler ["http-nio-8080"]
23-Apr-2018 19:55:58.058 INFO [main] org.apache.coyote.AbstractProtocol.stop Stopping ProtocolHandler ["ajp-nio-8009"]
23-Apr-2018 19:55:58.061 INFO [main] org.apache.coyote.AbstractProtocol.destroy Destroying ProtocolHandler ["http-nio-8080"]
23-Apr-2018 19:55:58.064 INFO [main] org.apache.coyote.AbstractProtocol.destroy Destroying ProtocolHandler ["ajp-nio-8009"]
23-Apr-2018 19:56:01.841 INFO [main] org.apache.catalina.startup.VersionLoggerListener.log Server version:        Apache Tomcat/8.0.32
23-Apr-2018 19:56:01.843 INFO [main] org.apache.catalina.startup.VersionLoggerListener.log Server built:          Feb 2 2016 19:34:53 UTC
23-Apr-2018 19:56:01.844 INFO [main] org.apache.catalina.startup.VersionLoggerListener.log Server number:         8.0.32.0
23-Apr-2018 19:56:01.845 INFO [main] org.apache.catalina.startup.VersionLoggerListener.log OS Name:               Windows 10
23-Apr-2018 19:56:01.845 INFO [main] org.apache.catalina.startup.VersionLoggerListener.log OS Version:            10.0
23-Apr-2018 19:56:01.845 INFO [main] org.apache.catalina.startup.VersionLoggerListener.log Architecture:          x86
23-Apr-2018 19:56:01.846 INFO [main] org.apache.catalina.startup.VersionLoggerListener.log Java Home:             G:\java_8\jdk-8u172\jre
23-Apr-2018 19:56:01.846 INFO [main] org.apache.catalina.startup.VersionLoggerListener.log JVM Version:           1.8.0_172-b11
23-Apr-2018 19:56:01.846 INFO [main] org.apache.catalina.startup.VersionLoggerListener.log JVM Vendor:            Oracle Corporation
23-Apr-2018 19:56:01.846 INFO [main] org.apache.catalina.startup.VersionLoggerListener.log CATALINA_BASE:         G:\program\apache-tomcat-8.0.32
23-Apr-2018 19:56:01.847 INFO [main] org.apache.catalina.startup.VersionLoggerListener.log CATALINA_HOME:         G:\program\apache-tomcat-8.0.32
23-Apr-2018 19:56:01.847 INFO [main] org.apache.catalina.startup.VersionLoggerListener.log Command line argument: -Djava.util.logging.config.file=G:\program\apache-tomcat-8.0.32\conf\logging.properties
23-Apr-2018 19:56:01.848 INFO [main] org.apache.catalina.startup.VersionLoggerListener.log Command line argument: -Djava.util.logging.manager=org.apache.juli.ClassLoaderLogManager
23-Apr-2018 19:56:01.848 INFO [main] org.apache.catalina.startup.VersionLoggerListener.log Command line argument: -Djava.endorsed.dirs=G:\program\apache-tomcat-8.0.32\endorsed
23-Apr-2018 19:56:01.849 INFO [main] org.apache.catalina.startup.VersionLoggerListener.log Command line argument: -Dcatalina.base=G:\program\apache-tomcat-8.0.32
23-Apr-2018 19:56:01.849 INFO [main] org.apache.catalina.startup.VersionLoggerListener.log Command line argument: -Dcatalina.home=G:\program\apache-tomcat-8.0.32
23-Apr-2018 19:56:01.850 INFO [main] org.apache.catalina.startup.VersionLoggerListener.log Command line argument: -Djava.io.tmpdir=G:\program\apache-tomcat-8.0.32\temp
23-Apr-2018 19:56:01.853 INFO [main] org.apache.catalina.core.AprLifecycleListener.lifecycleEvent The APR based Apache Tomcat Native library which allows optimal performance in production environments was not found on the java.library.path: G:\java_8\jdk-8u172\bin;C:\Windows\Sun\Java\bin;C:\Windows\system32;C:\Windows;G:\java_8\jdk-8u172\bin;G:\java_8\jdk-8u172\jre\bin;C:\Program Files (x86)\Common Files\Oracle\Java\javapath;C:\Windows\system32;C:\Windows;C:\Windows\System32\Wbem;C:\Windows\System32\WindowsPowerShell\v1.0\;C:\Users\YD\AppData\Local\Microsoft\WindowsApps;;.
23-Apr-2018 19:56:02.174 INFO [main] org.apache.coyote.AbstractProtocol.init Initializing ProtocolHandler ["http-nio-80"]
23-Apr-2018 19:56:02.496 INFO [main] org.apache.tomcat.util.net.NioSelectorPool.getSharedSelector Using a shared selector for servlet write/read
23-Apr-2018 19:56:02.503 INFO [main] org.apache.coyote.AbstractProtocol.init Initializing ProtocolHandler ["ajp-nio-8009"]
23-Apr-2018 19:56:02.514 INFO [main] org.apache.tomcat.util.net.NioSelectorPool.getSharedSelector Using a shared selector for servlet write/read
23-Apr-2018 19:56:02.516 INFO [main] org.apache.catalina.startup.Catalina.load Initialization processed in 1443 ms
23-Apr-2018 19:56:02.564 INFO [main] org.apache.catalina.core.StandardService.startInternal Starting service Catalina
23-Apr-2018 19:56:02.564 INFO [main] org.apache.catalina.core.StandardEngine.startInternal Starting Servlet Engine: Apache Tomcat/8.0.32
23-Apr-2018 19:56:03.042 INFO [localhost-startStop-1] org.apache.catalina.startup.HostConfig.deployWAR Deploying web application archive G:\program\apache-tomcat-8.0.32\webapps\Dawn.war
23-Apr-2018 19:56:03.091 INFO [localhost-startStop-1] org.apache.catalina.startup.HostConfig.deployWAR Deployment of web application archive G:\program\apache-tomcat-8.0.32\webapps\Dawn.war has finished in 48 ms
23-Apr-2018 19:56:03.093 INFO [localhost-startStop-1] org.apache.catalina.startup.HostConfig.deployDirectory Deploying web application directory G:\program\apache-tomcat-8.0.32\webapps\docs
23-Apr-2018 19:56:03.134 INFO [localhost-startStop-1] org.apache.catalina.startup.HostConfig.deployDirectory Deployment of web application directory G:\program\apache-tomcat-8.0.32\webapps\docs has finished in 41 ms
23-Apr-2018 19:56:03.135 INFO [localhost-startStop-1] org.apache.catalina.startup.HostConfig.deployDirectory Deploying web application directory G:\program\apache-tomcat-8.0.32\webapps\examples
23-Apr-2018 19:56:04.001 INFO [localhost-startStop-1] org.apache.catalina.startup.HostConfig.deployDirectory Deployment of web application directory G:\program\apache-tomcat-8.0.32\webapps\examples has finished in 867 ms
23-Apr-2018 19:56:04.002 INFO [localhost-startStop-1] org.apache.catalina.startup.HostConfig.deployDirectory Deploying web application directory G:\program\apache-tomcat-8.0.32\webapps\host-manager
23-Apr-2018 19:56:04.056 INFO [localhost-startStop-1] org.apache.catalina.startup.HostConfig.deployDirectory Deployment of web application directory G:\program\apache-tomcat-8.0.32\webapps\host-manager has finished in 54 ms
23-Apr-2018 19:56:04.057 INFO [localhost-startStop-1] org.apache.catalina.startup.HostConfig.deployDirectory Deploying web application directory G:\program\apache-tomcat-8.0.32\webapps\manager
23-Apr-2018 19:56:04.105 INFO [localhost-startStop-1] org.apache.catalina.startup.HostConfig.deployDirectory Deployment of web application directory G:\program\apache-tomcat-8.0.32\webapps\manager has finished in 47 ms
23-Apr-2018 19:56:04.111 INFO [main] org.apache.coyote.AbstractProtocol.start Starting ProtocolHandler ["http-nio-80"]
23-Apr-2018 19:56:04.142 INFO [main] org.apache.coyote.AbstractProtocol.start Starting ProtocolHandler ["ajp-nio-8009"]
23-Apr-2018 19:56:04.154 INFO [main] org.apache.catalina.startup.Catalina.start Server startup in 1637 ms
23-Apr-2018 19:56:23.109 SEVERE [main] org.apache.catalina.startup.Catalina.stopServer Could not contact localhost:8005. Tomcat may not be running.
23-Apr-2018 19:56:23.114 SEVERE [main] org.apache.catalina.startup.Catalina.stopServer Catalina.stop: 
 java.net.ConnectException: Connection refused: connect
	at java.net.DualStackPlainSocketImpl.connect0(Native Method)
	at java.net.DualStackPlainSocketImpl.socketConnect(DualStackPlainSocketImpl.java:79)
	at java.net.AbstractPlainSocketImpl.doConnect(AbstractPlainSocketImpl.java:350)
	at java.net.AbstractPlainSocketImpl.connectToAddress(AbstractPlainSocketImpl.java:206)
	at java.net.AbstractPlainSocketImpl.connect(AbstractPlainSocketImpl.java:188)
	at java.net.PlainSocketImpl.connect(PlainSocketImpl.java:172)
	at java.net.SocksSocketImpl.connect(SocksSocketImpl.java:392)
	at java.net.Socket.connect(Socket.java:589)
	at java.net.Socket.connect(Socket.java:538)
	at java.net.Socket.<init>(Socket.java:434)
	at java.net.Socket.<init>(Socket.java:211)
	at org.apache.catalina.startup.Catalina.stopServer(Catalina.java:450)
	at sun.reflect.NativeMethodAccessorImpl.invoke0(Native Method)
	at sun.reflect.NativeMethodAccessorImpl.invoke(NativeMethodAccessorImpl.java:62)
	at sun.reflect.DelegatingMethodAccessorImpl.invoke(DelegatingMethodAccessorImpl.java:43)
	at java.lang.reflect.Method.invoke(Method.java:498)
	at org.apache.catalina.startup.Bootstrap.stopServer(Bootstrap.java:400)
	at org.apache.catalina.startup.Bootstrap.main(Bootstrap.java:487)

23-Apr-2018 19:56:27.841 INFO [main] org.apache.catalina.startup.VersionLoggerListener.log Server version:        Apache Tomcat/8.0.32
23-Apr-2018 19:56:27.843 INFO [main] org.apache.catalina.startup.VersionLoggerListener.log Server built:          Feb 2 2016 19:34:53 UTC
23-Apr-2018 19:56:27.844 INFO [main] org.apache.catalina.startup.VersionLoggerListener.log Server number:         8.0.32.0
23-Apr-2018 19:56:27.844 INFO [main] org.apache.catalina.startup.VersionLoggerListener.log OS Name:               Windows 10
23-Apr-2018 19:56:27.844 INFO [main] org.apache.catalina.startup.VersionLoggerListener.log OS Version:            10.0
23-Apr-2018 19:56:27.845 INFO [main] org.apache.catalina.startup.VersionLoggerListener.log Architecture:          x86
23-Apr-2018 19:56:27.845 INFO [main] org.apache.catalina.startup.VersionLoggerListener.log Java Home:             G:\java_8\jdk-8u172\jre
23-Apr-2018 19:56:27.845 INFO [main] org.apache.catalina.startup.VersionLoggerListener.log JVM Version:           1.8.0_172-b11
23-Apr-2018 19:56:27.845 INFO [main] org.apache.catalina.startup.VersionLoggerListener.log JVM Vendor:            Oracle Corporation
23-Apr-2018 19:56:27.846 INFO [main] org.apache.catalina.startup.VersionLoggerListener.log CATALINA_BASE:         G:\program\apache-tomcat-8.0.32
23-Apr-2018 19:56:27.846 INFO [main] org.apache.catalina.startup.VersionLoggerListener.log CATALINA_HOME:         G:\program\apache-tomcat-8.0.32
23-Apr-2018 19:56:27.847 INFO [main] org.apache.catalina.startup.VersionLoggerListener.log Command line argument: -Djava.util.logging.config.file=G:\program\apache-tomcat-8.0.32\conf\logging.properties
23-Apr-2018 19:56:27.847 INFO [main] org.apache.catalina.startup.VersionLoggerListener.log Command line argument: -Djava.util.logging.manager=org.apache.juli.ClassLoaderLogManager
23-Apr-2018 19:56:27.847 INFO [main] org.apache.catalina.startup.VersionLoggerListener.log Command line argument: -Djava.endorsed.dirs=G:\program\apache-tomcat-8.0.32\endorsed
23-Apr-2018 19:56:27.848 INFO [main] org.apache.catalina.startup.VersionLoggerListener.log Command line argument: -Dcatalina.base=G:\program\apache-tomcat-8.0.32
23-Apr-2018 19:56:27.848 INFO [main] org.apache.catalina.startup.VersionLoggerListener.log Command line argument: -Dcatalina.home=G:\program\apache-tomcat-8.0.32
23-Apr-2018 19:56:27.848 INFO [main] org.apache.catalina.startup.VersionLoggerListener.log Command line argument: -Djava.io.tmpdir=G:\program\apache-tomcat-8.0.32\temp
23-Apr-2018 19:56:27.850 INFO [main] org.apache.catalina.core.AprLifecycleListener.lifecycleEvent The APR based Apache Tomcat Native library which allows optimal performance in production environments was not found on the java.library.path: G:\java_8\jdk-8u172\bin;C:\Windows\Sun\Java\bin;C:\Windows\system32;C:\Windows;G:\java_8\jdk-8u172\bin;G:\java_8\jdk-8u172\jre\bin;C:\Program Files (x86)\Common Files\Oracle\Java\javapath;C:\Windows\system32;C:\Windows;C:\Windows\System32\Wbem;C:\Windows\System32\WindowsPowerShell\v1.0\;C:\Users\YD\AppData\Local\Microsoft\WindowsApps;;.
23-Apr-2018 19:56:28.131 INFO [main] org.apache.coyote.AbstractProtocol.init Initializing ProtocolHandler ["http-nio-8080"]
23-Apr-2018 19:56:28.476 INFO [main] org.apache.tomcat.util.net.NioSelectorPool.getSharedSelector Using a shared selector for servlet write/read
23-Apr-2018 19:56:28.483 INFO [main] org.apache.coyote.AbstractProtocol.init Initializing ProtocolHandler ["ajp-nio-8009"]
23-Apr-2018 19:56:28.495 INFO [main] org.apache.tomcat.util.net.NioSelectorPool.getSharedSelector Using a shared selector for servlet write/read
23-Apr-2018 19:56:28.496 INFO [main] org.apache.catalina.startup.Catalina.load Initialization processed in 1361 ms
23-Apr-2018 19:56:28.545 INFO [main] org.apache.catalina.core.StandardService.startInternal Starting service Catalina
23-Apr-2018 19:56:28.545 INFO [main] org.apache.catalina.core.StandardEngine.startInternal Starting Servlet Engine: Apache Tomcat/8.0.32
23-Apr-2018 19:56:29.057 INFO [localhost-startStop-1] org.apache.catalina.startup.HostConfig.deployWAR Deploying web application archive G:\program\apache-tomcat-8.0.32\webapps\Dawn.war
23-Apr-2018 19:56:29.109 INFO [localhost-startStop-1] org.apache.catalina.startup.HostConfig.deployWAR Deployment of web application archive G:\program\apache-tomcat-8.0.32\webapps\Dawn.war has finished in 51 ms
23-Apr-2018 19:56:29.112 INFO [localhost-startStop-1] org.apache.catalina.startup.HostConfig.deployDirectory Deploying web application directory G:\program\apache-tomcat-8.0.32\webapps\docs
23-Apr-2018 19:56:29.156 INFO [localhost-startStop-1] org.apache.catalina.startup.HostConfig.deployDirectory Deployment of web application directory G:\program\apache-tomcat-8.0.32\webapps\docs has finished in 44 ms
23-Apr-2018 19:56:29.157 INFO [localhost-startStop-1] org.apache.catalina.startup.HostConfig.deployDirectory Deploying web application directory G:\program\apache-tomcat-8.0.32\webapps\examples
23-Apr-2018 19:56:29.799 INFO [localhost-startStop-1] org.apache.catalina.startup.HostConfig.deployDirectory Deployment of web application directory G:\program\apache-tomcat-8.0.32\webapps\examples has finished in 642 ms
23-Apr-2018 19:56:29.799 INFO [localhost-startStop-1] org.apache.catalina.startup.HostConfig.deployDirectory Deploying web application directory G:\program\apache-tomcat-8.0.32\webapps\host-manager
23-Apr-2018 19:56:29.859 INFO [localhost-startStop-1] org.apache.catalina.startup.HostConfig.deployDirectory Deployment of web application directory G:\program\apache-tomcat-8.0.32\webapps\host-manager has finished in 60 ms
23-Apr-2018 19:56:29.859 INFO [localhost-startStop-1] org.apache.catalina.startup.HostConfig.deployDirectory Deploying web application directory G:\program\apache-tomcat-8.0.32\webapps\manager
23-Apr-2018 19:56:29.917 INFO [localhost-startStop-1] org.apache.catalina.startup.HostConfig.deployDirectory Deployment of web application directory G:\program\apache-tomcat-8.0.32\webapps\manager has finished in 57 ms
23-Apr-2018 19:56:29.926 INFO [main] org.apache.coyote.AbstractProtocol.start Starting ProtocolHandler ["http-nio-8080"]
23-Apr-2018 19:56:29.964 INFO [main] org.apache.coyote.AbstractProtocol.start Starting ProtocolHandler ["ajp-nio-8009"]
23-Apr-2018 19:56:29.978 INFO [main] org.apache.catalina.startup.Catalina.start Server startup in 1481 ms
23-Apr-2018 19:57:13.384 INFO [main] org.apache.catalina.startup.VersionLoggerListener.log Server version:        Apache Tomcat/8.0.32
23-Apr-2018 19:57:13.388 INFO [main] org.apache.catalina.startup.VersionLoggerListener.log Server built:          Feb 2 2016 19:34:53 UTC
23-Apr-2018 19:57:13.388 INFO [main] org.apache.catalina.startup.VersionLoggerListener.log Server number:         8.0.32.0
23-Apr-2018 19:57:13.388 INFO [main] org.apache.catalina.startup.VersionLoggerListener.log OS Name:               Windows 10
23-Apr-2018 19:57:13.388 INFO [main] org.apache.catalina.startup.VersionLoggerListener.log OS Version:            10.0
23-Apr-2018 19:57:13.389 INFO [main] org.apache.catalina.startup.VersionLoggerListener.log Architecture:          x86
23-Apr-2018 19:57:13.389 INFO [main] org.apache.catalina.startup.VersionLoggerListener.log Java Home:             G:\java_8\jdk-8u172\jre
23-Apr-2018 19:57:13.389 INFO [main] org.apache.catalina.startup.VersionLoggerListener.log JVM Version:           1.8.0_172-b11
23-Apr-2018 19:57:13.389 INFO [main] org.apache.catalina.startup.VersionLoggerListener.log JVM Vendor:            Oracle Corporation
23-Apr-2018 19:57:13.390 INFO [main] org.apache.catalina.startup.VersionLoggerListener.log CATALINA_BASE:         G:\program\apache-tomcat-8.0.32
23-Apr-2018 19:57:13.390 INFO [main] org.apache.catalina.startup.VersionLoggerListener.log CATALINA_HOME:         G:\program\apache-tomcat-8.0.32
23-Apr-2018 19:57:13.390 INFO [main] org.apache.catalina.startup.VersionLoggerListener.log Command line argument: -Djava.util.logging.config.file=G:\program\apache-tomcat-8.0.32\conf\logging.properties
23-Apr-2018 19:57:13.391 INFO [main] org.apache.catalina.startup.VersionLoggerListener.log Command line argument: -Djava.util.logging.manager=org.apache.juli.ClassLoaderLogManager
23-Apr-2018 19:57:13.391 INFO [main] org.apache.catalina.startup.VersionLoggerListener.log Command line argument: -Djava.endorsed.dirs=G:\program\apache-tomcat-8.0.32\endorsed
23-Apr-2018 19:57:13.392 INFO [main] org.apache.catalina.startup.VersionLoggerListener.log Command line argument: -Dcatalina.base=G:\program\apache-tomcat-8.0.32
23-Apr-2018 19:57:13.392 INFO [main] org.apache.catalina.startup.VersionLoggerListener.log Command line argument: -Dcatalina.home=G:\program\apache-tomcat-8.0.32
23-Apr-2018 19:57:13.392 INFO [main] org.apache.catalina.startup.VersionLoggerListener.log Command line argument: -Djava.io.tmpdir=G:\program\apache-tomcat-8.0.32\temp
23-Apr-2018 19:57:13.395 INFO [main] org.apache.catalina.core.AprLifecycleListener.lifecycleEvent The APR based Apache Tomcat Native library which allows optimal performance in production environments was not found on the java.library.path: G:\java_8\jdk-8u172\bin;C:\Windows\Sun\Java\bin;C:\Windows\system32;C:\Windows;G:\java_8\jdk-8u172\bin;G:\java_8\jdk-8u172\jre\bin;C:\Program Files (x86)\Common Files\Oracle\Java\javapath;C:\Windows\system32;C:\Windows;C:\Windows\System32\Wbem;C:\Windows\System32\WindowsPowerShell\v1.0\;C:\Users\YD\AppData\Local\Microsoft\WindowsApps;;.
23-Apr-2018 19:57:13.681 INFO [main] org.apache.coyote.AbstractProtocol.init Initializing ProtocolHandler ["http-nio-80"]
23-Apr-2018 19:57:14.031 INFO [main] org.apache.tomcat.util.net.NioSelectorPool.getSharedSelector Using a shared selector for servlet write/read
23-Apr-2018 19:57:14.037 INFO [main] org.apache.coyote.AbstractProtocol.init Initializing ProtocolHandler ["ajp-nio-8009"]
23-Apr-2018 19:57:14.047 INFO [main] org.apache.tomcat.util.net.NioSelectorPool.getSharedSelector Using a shared selector for servlet write/read
23-Apr-2018 19:57:14.048 INFO [main] org.apache.catalina.startup.Catalina.load Initialization processed in 1614 ms
23-Apr-2018 19:57:14.088 INFO [main] org.apache.catalina.core.StandardService.startInternal Starting service Catalina
23-Apr-2018 19:57:14.089 INFO [main] org.apache.catalina.core.StandardEngine.startInternal Starting Servlet Engine: Apache Tomcat/8.0.32
23-Apr-2018 19:57:14.515 INFO [localhost-startStop-1] org.apache.catalina.startup.HostConfig.deployWAR Deploying web application archive G:\program\apache-tomcat-8.0.32\webapps\Dawn.war
23-Apr-2018 19:57:14.559 INFO [localhost-startStop-1] org.apache.catalina.startup.HostConfig.deployWAR Deployment of web application archive G:\program\apache-tomcat-8.0.32\webapps\Dawn.war has finished in 43 ms
23-Apr-2018 19:57:14.561 INFO [localhost-startStop-1] org.apache.catalina.startup.HostConfig.deployDirectory Deploying web application directory G:\program\apache-tomcat-8.0.32\webapps\docs
23-Apr-2018 19:57:14.596 INFO [localhost-startStop-1] org.apache.catalina.startup.HostConfig.deployDirectory Deployment of web application directory G:\program\apache-tomcat-8.0.32\webapps\docs has finished in 35 ms
23-Apr-2018 19:57:14.596 INFO [localhost-startStop-1] org.apache.catalina.startup.HostConfig.deployDirectory Deploying web application directory G:\program\apache-tomcat-8.0.32\webapps\examples
23-Apr-2018 19:57:15.297 INFO [localhost-startStop-1] org.apache.catalina.startup.HostConfig.deployDirectory Deployment of web application directory G:\program\apache-tomcat-8.0.32\webapps\examples has finished in 700 ms
23-Apr-2018 19:57:15.297 INFO [localhost-startStop-1] org.apache.catalina.startup.HostConfig.deployDirectory Deploying web application directory G:\program\apache-tomcat-8.0.32\webapps\host-manager
23-Apr-2018 19:57:15.354 INFO [localhost-startStop-1] org.apache.catalina.startup.HostConfig.deployDirectory Deployment of web application directory G:\program\apache-tomcat-8.0.32\webapps\host-manager has finished in 57 ms
23-Apr-2018 19:57:15.354 INFO [localhost-startStop-1] org.apache.catalina.startup.HostConfig.deployDirectory Deploying web application directory G:\program\apache-tomcat-8.0.32\webapps\manager
23-Apr-2018 19:57:15.401 INFO [localhost-startStop-1] org.apache.catalina.startup.HostConfig.deployDirectory Deployment of web application directory G:\program\apache-tomcat-8.0.32\webapps\manager has finished in 47 ms
23-Apr-2018 19:57:15.408 INFO [main] org.apache.coyote.AbstractProtocol.start Starting ProtocolHandler ["http-nio-80"]
23-Apr-2018 19:57:15.439 INFO [main] org.apache.coyote.AbstractProtocol.start Starting ProtocolHandler ["ajp-nio-8009"]
23-Apr-2018 19:57:15.449 INFO [main] org.apache.catalina.startup.Catalina.start Server startup in 1400 ms
23-Apr-2018 20:23:21.885 INFO [main] org.apache.catalina.startup.VersionLoggerListener.log Server version:        Apache Tomcat/8.0.32
23-Apr-2018 20:23:21.888 INFO [main] org.apache.catalina.startup.VersionLoggerListener.log Server built:          Feb 2 2016 19:34:53 UTC
23-Apr-2018 20:23:21.888 INFO [main] org.apache.catalina.startup.VersionLoggerListener.log Server number:         8.0.32.0
23-Apr-2018 20:23:21.889 INFO [main] org.apache.catalina.startup.VersionLoggerListener.log OS Name:               Windows 10
23-Apr-2018 20:23:21.889 INFO [main] org.apache.catalina.startup.VersionLoggerListener.log OS Version:            10.0
23-Apr-2018 20:23:21.889 INFO [main] org.apache.catalina.startup.VersionLoggerListener.log Architecture:          x86
23-Apr-2018 20:23:21.890 INFO [main] org.apache.catalina.startup.VersionLoggerListener.log Java Home:             G:\java_8\jdk-8u172\jre
23-Apr-2018 20:23:21.890 INFO [main] org.apache.catalina.startup.VersionLoggerListener.log JVM Version:           1.8.0_172-b11
23-Apr-2018 20:23:21.890 INFO [main] org.apache.catalina.startup.VersionLoggerListener.log JVM Vendor:            Oracle Corporation
23-Apr-2018 20:23:21.890 INFO [main] org.apache.catalina.startup.VersionLoggerListener.log CATALINA_BASE:         G:\program\apache-tomcat-8.0.32
23-Apr-2018 20:23:21.891 INFO [main] org.apache.catalina.startup.VersionLoggerListener.log CATALINA_HOME:         G:\program\apache-tomcat-8.0.32
23-Apr-2018 20:23:21.891 INFO [main] org.apache.catalina.startup.VersionLoggerListener.log Command line argument: -Djava.util.logging.config.file=G:\program\apache-tomcat-8.0.32\conf\logging.properties
23-Apr-2018 20:23:21.892 INFO [main] org.apache.catalina.startup.VersionLoggerListener.log Command line argument: -Djava.util.logging.manager=org.apache.juli.ClassLoaderLogManager
23-Apr-2018 20:23:21.892 INFO [main] org.apache.catalina.startup.VersionLoggerListener.log Command line argument: -Djava.endorsed.dirs=G:\program\apache-tomcat-8.0.32\endorsed
23-Apr-2018 20:23:21.892 INFO [main] org.apache.catalina.startup.VersionLoggerListener.log Command line argument: -Dcatalina.base=G:\program\apache-tomcat-8.0.32
23-Apr-2018 20:23:21.892 INFO [main] org.apache.catalina.startup.VersionLoggerListener.log Command line argument: -Dcatalina.home=G:\program\apache-tomcat-8.0.32
23-Apr-2018 20:23:21.893 INFO [main] org.apache.catalina.startup.VersionLoggerListener.log Command line argument: -Djava.io.tmpdir=G:\program\apache-tomcat-8.0.32\temp
23-Apr-2018 20:23:21.896 INFO [main] org.apache.catalina.core.AprLifecycleListener.lifecycleEvent The APR based Apache Tomcat Native library which allows optimal performance in production environments was not found on the java.library.path: G:\java_8\jdk-8u172\bin;C:\Windows\Sun\Java\bin;C:\Windows\system32;C:\Windows;G:\java_8\jdk-8u172\bin;G:\java_8\jdk-8u172\jre\bin;C:\Program Files (x86)\Common Files\Oracle\Java\javapath;C:\Windows\system32;C:\Windows;C:\Windows\System32\Wbem;C:\Windows\System32\WindowsPowerShell\v1.0\;C:\Users\YD\AppData\Local\Microsoft\WindowsApps;;.
23-Apr-2018 20:23:22.175 INFO [main] org.apache.coyote.AbstractProtocol.init Initializing ProtocolHandler ["http-nio-80"]
23-Apr-2018 20:23:22.511 INFO [main] org.apache.tomcat.util.net.NioSelectorPool.getSharedSelector Using a shared selector for servlet write/read
23-Apr-2018 20:23:22.518 INFO [main] org.apache.coyote.AbstractProtocol.init Initializing ProtocolHandler ["ajp-nio-8009"]
23-Apr-2018 20:23:22.533 INFO [main] org.apache.tomcat.util.net.NioSelectorPool.getSharedSelector Using a shared selector for servlet write/read
23-Apr-2018 20:23:22.534 INFO [main] org.apache.catalina.startup.Catalina.load Initialization processed in 1365 ms
23-Apr-2018 20:23:22.589 INFO [main] org.apache.catalina.core.StandardService.startInternal Starting service Catalina
23-Apr-2018 20:23:22.590 INFO [main] org.apache.catalina.core.StandardEngine.startInternal Starting Servlet Engine: Apache Tomcat/8.0.32
23-Apr-2018 20:23:23.065 INFO [localhost-startStop-1] org.apache.catalina.startup.HostConfig.deployWAR Deploying web application archive G:\program\apache-tomcat-8.0.32\webapps\Dawn.war
23-Apr-2018 20:23:23.109 INFO [localhost-startStop-1] org.apache.catalina.startup.HostConfig.deployWAR Deployment of web application archive G:\program\apache-tomcat-8.0.32\webapps\Dawn.war has finished in 44 ms
23-Apr-2018 20:23:23.112 INFO [localhost-startStop-1] org.apache.catalina.startup.HostConfig.deployDirectory Deploying web application directory G:\program\apache-tomcat-8.0.32\webapps\docs
23-Apr-2018 20:23:23.148 INFO [localhost-startStop-1] org.apache.catalina.startup.HostConfig.deployDirectory Deployment of web application directory G:\program\apache-tomcat-8.0.32\webapps\docs has finished in 38 ms
23-Apr-2018 20:23:23.149 INFO [localhost-startStop-1] org.apache.catalina.startup.HostConfig.deployDirectory Deploying web application directory G:\program\apache-tomcat-8.0.32\webapps\examples
23-Apr-2018 20:23:23.803 INFO [localhost-startStop-1] org.apache.catalina.startup.HostConfig.deployDirectory Deployment of web application directory G:\program\apache-tomcat-8.0.32\webapps\examples has finished in 654 ms
23-Apr-2018 20:23:23.804 INFO [localhost-startStop-1] org.apache.catalina.startup.HostConfig.deployDirectory Deploying web application directory G:\program\apache-tomcat-8.0.32\webapps\host-manager
23-Apr-2018 20:23:23.854 INFO [localhost-startStop-1] org.apache.catalina.startup.HostConfig.deployDirectory Deployment of web application directory G:\program\apache-tomcat-8.0.32\webapps\host-manager has finished in 50 ms
23-Apr-2018 20:23:23.854 INFO [localhost-startStop-1] org.apache.catalina.startup.HostConfig.deployDirectory Deploying web application directory G:\program\apache-tomcat-8.0.32\webapps\manager
23-Apr-2018 20:23:23.901 INFO [localhost-startStop-1] org.apache.catalina.startup.HostConfig.deployDirectory Deployment of web application directory G:\program\apache-tomcat-8.0.32\webapps\manager has finished in 47 ms
23-Apr-2018 20:23:23.908 INFO [main] org.apache.coyote.AbstractProtocol.start Starting ProtocolHandler ["http-nio-80"]
23-Apr-2018 20:23:23.944 INFO [main] org.apache.coyote.AbstractProtocol.start Starting ProtocolHandler ["ajp-nio-8009"]
23-Apr-2018 20:23:23.957 INFO [main] org.apache.catalina.startup.Catalina.start Server startup in 1420 ms
