13-May-2018 13:23:23.272 INFO [main] org.apache.catalina.startup.VersionLoggerListener.log Server version:        Apache Tomcat/8.0.32
13-May-2018 13:23:23.272 INFO [main] org.apache.catalina.startup.VersionLoggerListener.log Server built:          Feb 2 2016 19:34:53 UTC
13-May-2018 13:23:23.287 INFO [main] org.apache.catalina.startup.VersionLoggerListener.log Server number:         8.0.32.0
13-May-2018 13:23:23.287 INFO [main] org.apache.catalina.startup.VersionLoggerListener.log OS Name:               Windows 10
13-May-2018 13:23:23.287 INFO [main] org.apache.catalina.startup.VersionLoggerListener.log OS Version:            10.0
13-May-2018 13:23:23.287 INFO [main] org.apache.catalina.startup.VersionLoggerListener.log Architecture:          x86
13-May-2018 13:23:23.287 INFO [main] org.apache.catalina.startup.VersionLoggerListener.log Java Home:             G:\java_8\jdk-8u172\jre
13-May-2018 13:23:23.287 INFO [main] org.apache.catalina.startup.VersionLoggerListener.log JVM Version:           1.8.0_172-b11
13-May-2018 13:23:23.287 INFO [main] org.apache.catalina.startup.VersionLoggerListener.log JVM Vendor:            Oracle Corporation
13-May-2018 13:23:23.287 INFO [main] org.apache.catalina.startup.VersionLoggerListener.log CATALINA_BASE:         G:\program\apache-tomcat-8.0.32
13-May-2018 13:23:23.287 INFO [main] org.apache.catalina.startup.VersionLoggerListener.log CATALINA_HOME:         G:\program\apache-tomcat-8.0.32
13-May-2018 13:23:23.287 INFO [main] org.apache.catalina.startup.VersionLoggerListener.log Command line argument: -Djava.util.logging.config.file=G:\program\apache-tomcat-8.0.32\conf\logging.properties
13-May-2018 13:23:23.287 INFO [main] org.apache.catalina.startup.VersionLoggerListener.log Command line argument: -Djava.util.logging.manager=org.apache.juli.ClassLoaderLogManager
13-May-2018 13:23:23.287 INFO [main] org.apache.catalina.startup.VersionLoggerListener.log Command line argument: -Djava.endorsed.dirs=G:\program\apache-tomcat-8.0.32\endorsed
13-May-2018 13:23:23.287 INFO [main] org.apache.catalina.startup.VersionLoggerListener.log Command line argument: -Dcatalina.base=G:\program\apache-tomcat-8.0.32
13-May-2018 13:23:23.287 INFO [main] org.apache.catalina.startup.VersionLoggerListener.log Command line argument: -Dcatalina.home=G:\program\apache-tomcat-8.0.32
13-May-2018 13:23:23.287 INFO [main] org.apache.catalina.startup.VersionLoggerListener.log Command line argument: -Djava.io.tmpdir=G:\program\apache-tomcat-8.0.32\temp
13-May-2018 13:23:23.287 INFO [main] org.apache.catalina.core.AprLifecycleListener.lifecycleEvent The APR based Apache Tomcat Native library which allows optimal performance in production environments was not found on the java.library.path: G:\java_8\jdk-8u172\bin;C:\Windows\Sun\Java\bin;C:\Windows\system32;C:\Windows;G:\java_8\jdk-8u172\bin;G:\java_8\jdk-8u172\jre\bin;C:\Program Files (x86)\Common Files\Oracle\Java\javapath;C:\Windows\system32;C:\Windows;C:\Windows\System32\Wbem;C:\Windows\System32\WindowsPowerShell\v1.0\;C:\Users\YD\AppData\Local\Microsoft\WindowsApps;;.
13-May-2018 13:23:24.058 INFO [main] org.apache.coyote.AbstractProtocol.init Initializing ProtocolHandler ["http-nio-80"]
13-May-2018 13:23:25.274 INFO [main] org.apache.tomcat.util.net.NioSelectorPool.getSharedSelector Using a shared selector for servlet write/read
13-May-2018 13:23:25.284 INFO [main] org.apache.coyote.AbstractProtocol.init Initializing ProtocolHandler ["ajp-nio-8009"]
13-May-2018 13:23:25.297 INFO [main] org.apache.tomcat.util.net.NioSelectorPool.getSharedSelector Using a shared selector for servlet write/read
13-May-2018 13:23:25.298 INFO [main] org.apache.catalina.startup.Catalina.load Initialization processed in 3958 ms
13-May-2018 13:23:25.616 INFO [main] org.apache.catalina.core.StandardService.startInternal Starting service Catalina
13-May-2018 13:23:25.616 INFO [main] org.apache.catalina.core.StandardEngine.startInternal Starting Servlet Engine: Apache Tomcat/8.0.32
13-May-2018 13:23:26.521 INFO [localhost-startStop-1] org.apache.catalina.startup.HostConfig.deployWAR Deploying web application archive G:\program\apache-tomcat-8.0.32\webapps\Dawn.war
13-May-2018 13:23:26.584 INFO [localhost-startStop-1] org.apache.catalina.startup.HostConfig.deployWAR Deployment of web application archive G:\program\apache-tomcat-8.0.32\webapps\Dawn.war has finished in 47 ms
13-May-2018 13:23:26.584 INFO [localhost-startStop-1] org.apache.catalina.startup.HostConfig.deployDirectory Deploying web application directory G:\program\apache-tomcat-8.0.32\webapps\docs
13-May-2018 13:23:26.646 INFO [localhost-startStop-1] org.apache.catalina.startup.HostConfig.deployDirectory Deployment of web application directory G:\program\apache-tomcat-8.0.32\webapps\docs has finished in 62 ms
13-May-2018 13:23:26.646 INFO [localhost-startStop-1] org.apache.catalina.startup.HostConfig.deployDirectory Deploying web application directory G:\program\apache-tomcat-8.0.32\webapps\examples
13-May-2018 13:23:27.604 INFO [localhost-startStop-1] org.apache.catalina.startup.HostConfig.deployDirectory Deployment of web application directory G:\program\apache-tomcat-8.0.32\webapps\examples has finished in 958 ms
13-May-2018 13:23:27.604 INFO [localhost-startStop-1] org.apache.catalina.startup.HostConfig.deployDirectory Deploying web application directory G:\program\apache-tomcat-8.0.32\webapps\host-manager
13-May-2018 13:23:27.666 INFO [localhost-startStop-1] org.apache.catalina.startup.HostConfig.deployDirectory Deployment of web application directory G:\program\apache-tomcat-8.0.32\webapps\host-manager has finished in 62 ms
13-May-2018 13:23:27.666 INFO [localhost-startStop-1] org.apache.catalina.startup.HostConfig.deployDirectory Deploying web application directory G:\program\apache-tomcat-8.0.32\webapps\manager
13-May-2018 13:23:27.713 INFO [localhost-startStop-1] org.apache.catalina.startup.HostConfig.deployDirectory Deployment of web application directory G:\program\apache-tomcat-8.0.32\webapps\manager has finished in 47 ms
13-May-2018 13:23:27.713 INFO [main] org.apache.coyote.AbstractProtocol.start Starting ProtocolHandler ["http-nio-80"]
13-May-2018 13:23:27.744 INFO [main] org.apache.coyote.AbstractProtocol.start Starting ProtocolHandler ["ajp-nio-8009"]
13-May-2018 13:23:27.760 INFO [main] org.apache.catalina.startup.Catalina.start Server startup in 2463 ms
13-May-2018 14:33:59.728 INFO [main] org.apache.catalina.startup.VersionLoggerListener.log Server version:        Apache Tomcat/8.0.32
13-May-2018 14:33:59.731 INFO [main] org.apache.catalina.startup.VersionLoggerListener.log Server built:          Feb 2 2016 19:34:53 UTC
13-May-2018 14:33:59.732 INFO [main] org.apache.catalina.startup.VersionLoggerListener.log Server number:         8.0.32.0
13-May-2018 14:33:59.732 INFO [main] org.apache.catalina.startup.VersionLoggerListener.log OS Name:               Windows 10
13-May-2018 14:33:59.733 INFO [main] org.apache.catalina.startup.VersionLoggerListener.log OS Version:            10.0
13-May-2018 14:33:59.733 INFO [main] org.apache.catalina.startup.VersionLoggerListener.log Architecture:          x86
13-May-2018 14:33:59.733 INFO [main] org.apache.catalina.startup.VersionLoggerListener.log Java Home:             G:\java_8\jdk-8u172\jre
13-May-2018 14:33:59.733 INFO [main] org.apache.catalina.startup.VersionLoggerListener.log JVM Version:           1.8.0_172-b11
13-May-2018 14:33:59.734 INFO [main] org.apache.catalina.startup.VersionLoggerListener.log JVM Vendor:            Oracle Corporation
13-May-2018 14:33:59.734 INFO [main] org.apache.catalina.startup.VersionLoggerListener.log CATALINA_BASE:         G:\program\apache-tomcat-8.0.32
13-May-2018 14:33:59.736 INFO [main] org.apache.catalina.startup.VersionLoggerListener.log CATALINA_HOME:         G:\program\apache-tomcat-8.0.32
13-May-2018 14:33:59.737 INFO [main] org.apache.catalina.startup.VersionLoggerListener.log Command line argument: -Djava.util.logging.config.file=G:\program\apache-tomcat-8.0.32\conf\logging.properties
13-May-2018 14:33:59.737 INFO [main] org.apache.catalina.startup.VersionLoggerListener.log Command line argument: -Djava.util.logging.manager=org.apache.juli.ClassLoaderLogManager
13-May-2018 14:33:59.738 INFO [main] org.apache.catalina.startup.VersionLoggerListener.log Command line argument: -Djava.endorsed.dirs=G:\program\apache-tomcat-8.0.32\endorsed
13-May-2018 14:33:59.738 INFO [main] org.apache.catalina.startup.VersionLoggerListener.log Command line argument: -Dcatalina.base=G:\program\apache-tomcat-8.0.32
13-May-2018 14:33:59.738 INFO [main] org.apache.catalina.startup.VersionLoggerListener.log Command line argument: -Dcatalina.home=G:\program\apache-tomcat-8.0.32
13-May-2018 14:33:59.739 INFO [main] org.apache.catalina.startup.VersionLoggerListener.log Command line argument: -Djava.io.tmpdir=G:\program\apache-tomcat-8.0.32\temp
13-May-2018 14:33:59.739 INFO [main] org.apache.catalina.core.AprLifecycleListener.lifecycleEvent The APR based Apache Tomcat Native library which allows optimal performance in production environments was not found on the java.library.path: G:\java_8\jdk-8u172\bin;C:\Windows\Sun\Java\bin;C:\Windows\system32;C:\Windows;G:\java_8\jdk-8u172\bin;G:\java_8\jdk-8u172\jre\bin;C:\Program Files (x86)\Common Files\Oracle\Java\javapath;C:\Windows\system32;C:\Windows;C:\Windows\System32\Wbem;C:\Windows\System32\WindowsPowerShell\v1.0\;C:\Users\YD\AppData\Local\Microsoft\WindowsApps;.
13-May-2018 14:34:00.060 INFO [main] org.apache.coyote.AbstractProtocol.init Initializing ProtocolHandler ["http-nio-80"]
13-May-2018 14:34:00.803 INFO [main] org.apache.tomcat.util.net.NioSelectorPool.getSharedSelector Using a shared selector for servlet write/read
13-May-2018 14:34:00.814 INFO [main] org.apache.coyote.AbstractProtocol.init Initializing ProtocolHandler ["ajp-nio-8009"]
13-May-2018 14:34:00.831 INFO [main] org.apache.tomcat.util.net.NioSelectorPool.getSharedSelector Using a shared selector for servlet write/read
13-May-2018 14:34:00.832 INFO [main] org.apache.catalina.startup.Catalina.load Initialization processed in 1982 ms
13-May-2018 14:34:00.893 INFO [main] org.apache.catalina.core.StandardService.startInternal Starting service Catalina
13-May-2018 14:34:00.893 INFO [main] org.apache.catalina.core.StandardEngine.startInternal Starting Servlet Engine: Apache Tomcat/8.0.32
13-May-2018 14:34:01.657 INFO [localhost-startStop-1] org.apache.catalina.startup.HostConfig.deployWAR Deploying web application archive G:\program\apache-tomcat-8.0.32\webapps\Dawn.war
13-May-2018 14:34:01.722 INFO [localhost-startStop-1] org.apache.catalina.startup.HostConfig.deployWAR Deployment of web application archive G:\program\apache-tomcat-8.0.32\webapps\Dawn.war has finished in 64 ms
13-May-2018 14:34:01.724 INFO [localhost-startStop-1] org.apache.catalina.startup.HostConfig.deployDirectory Deploying web application directory G:\program\apache-tomcat-8.0.32\webapps\docs
13-May-2018 14:34:01.768 INFO [localhost-startStop-1] org.apache.catalina.startup.HostConfig.deployDirectory Deployment of web application directory G:\program\apache-tomcat-8.0.32\webapps\docs has finished in 44 ms
13-May-2018 14:34:01.769 INFO [localhost-startStop-1] org.apache.catalina.startup.HostConfig.deployDirectory Deploying web application directory G:\program\apache-tomcat-8.0.32\webapps\examples
13-May-2018 14:34:02.773 INFO [localhost-startStop-1] org.apache.catalina.startup.HostConfig.deployDirectory Deployment of web application directory G:\program\apache-tomcat-8.0.32\webapps\examples has finished in 1,004 ms
13-May-2018 14:34:02.774 INFO [localhost-startStop-1] org.apache.catalina.startup.HostConfig.deployDirectory Deploying web application directory G:\program\apache-tomcat-8.0.32\webapps\host-manager
13-May-2018 14:34:02.840 INFO [localhost-startStop-1] org.apache.catalina.startup.HostConfig.deployDirectory Deployment of web application directory G:\program\apache-tomcat-8.0.32\webapps\host-manager has finished in 67 ms
13-May-2018 14:34:02.841 INFO [localhost-startStop-1] org.apache.catalina.startup.HostConfig.deployDirectory Deploying web application directory G:\program\apache-tomcat-8.0.32\webapps\manager
13-May-2018 14:34:02.903 INFO [localhost-startStop-1] org.apache.catalina.startup.HostConfig.deployDirectory Deployment of web application directory G:\program\apache-tomcat-8.0.32\webapps\manager has finished in 61 ms
13-May-2018 14:34:02.912 INFO [main] org.apache.coyote.AbstractProtocol.start Starting ProtocolHandler ["http-nio-80"]
13-May-2018 14:34:02.955 INFO [main] org.apache.coyote.AbstractProtocol.start Starting ProtocolHandler ["ajp-nio-8009"]
13-May-2018 14:34:02.971 INFO [main] org.apache.catalina.startup.Catalina.start Server startup in 2137 ms
13-May-2018 20:15:36.406 INFO [main] org.apache.catalina.startup.VersionLoggerListener.log Server version:        Apache Tomcat/8.0.32
13-May-2018 20:15:36.408 INFO [main] org.apache.catalina.startup.VersionLoggerListener.log Server built:          Feb 2 2016 19:34:53 UTC
13-May-2018 20:15:36.409 INFO [main] org.apache.catalina.startup.VersionLoggerListener.log Server number:         8.0.32.0
13-May-2018 20:15:36.410 INFO [main] org.apache.catalina.startup.VersionLoggerListener.log OS Name:               Windows 10
13-May-2018 20:15:36.410 INFO [main] org.apache.catalina.startup.VersionLoggerListener.log OS Version:            10.0
13-May-2018 20:15:36.410 INFO [main] org.apache.catalina.startup.VersionLoggerListener.log Architecture:          x86
13-May-2018 20:15:36.410 INFO [main] org.apache.catalina.startup.VersionLoggerListener.log Java Home:             G:\java_8\jdk-8u172\jre
13-May-2018 20:15:36.411 INFO [main] org.apache.catalina.startup.VersionLoggerListener.log JVM Version:           1.8.0_172-b11
13-May-2018 20:15:36.411 INFO [main] org.apache.catalina.startup.VersionLoggerListener.log JVM Vendor:            Oracle Corporation
13-May-2018 20:15:36.411 INFO [main] org.apache.catalina.startup.VersionLoggerListener.log CATALINA_BASE:         G:\program\apache-tomcat-8.0.32
13-May-2018 20:15:36.411 INFO [main] org.apache.catalina.startup.VersionLoggerListener.log CATALINA_HOME:         G:\program\apache-tomcat-8.0.32
13-May-2018 20:15:36.412 INFO [main] org.apache.catalina.startup.VersionLoggerListener.log Command line argument: -Djava.util.logging.config.file=G:\program\apache-tomcat-8.0.32\conf\logging.properties
13-May-2018 20:15:36.412 INFO [main] org.apache.catalina.startup.VersionLoggerListener.log Command line argument: -Djava.util.logging.manager=org.apache.juli.ClassLoaderLogManager
13-May-2018 20:15:36.412 INFO [main] org.apache.catalina.startup.VersionLoggerListener.log Command line argument: -Djava.endorsed.dirs=G:\program\apache-tomcat-8.0.32\endorsed
13-May-2018 20:15:36.412 INFO [main] org.apache.catalina.startup.VersionLoggerListener.log Command line argument: -Dcatalina.base=G:\program\apache-tomcat-8.0.32
13-May-2018 20:15:36.413 INFO [main] org.apache.catalina.startup.VersionLoggerListener.log Command line argument: -Dcatalina.home=G:\program\apache-tomcat-8.0.32
13-May-2018 20:15:36.413 INFO [main] org.apache.catalina.startup.VersionLoggerListener.log Command line argument: -Djava.io.tmpdir=G:\program\apache-tomcat-8.0.32\temp
13-May-2018 20:15:36.414 INFO [main] org.apache.catalina.core.AprLifecycleListener.lifecycleEvent The APR based Apache Tomcat Native library which allows optimal performance in production environments was not found on the java.library.path: G:\java_8\jdk-8u172\bin;C:\Windows\Sun\Java\bin;C:\Windows\system32;C:\Windows;G:\java_8\jdk-8u172\bin;G:\java_8\jdk-8u172\jre\bin;C:\Program Files (x86)\Common Files\Oracle\Java\javapath;C:\Windows\system32;C:\Windows;C:\Windows\System32\Wbem;C:\Windows\System32\WindowsPowerShell\v1.0\;C:\Users\YD\AppData\Local\Microsoft\WindowsApps;;.
13-May-2018 20:15:36.681 INFO [main] org.apache.coyote.AbstractProtocol.init Initializing ProtocolHandler ["http-nio-80"]
13-May-2018 20:15:37.181 INFO [main] org.apache.tomcat.util.net.NioSelectorPool.getSharedSelector Using a shared selector for servlet write/read
13-May-2018 20:15:37.188 INFO [main] org.apache.coyote.AbstractProtocol.init Initializing ProtocolHandler ["ajp-nio-8009"]
13-May-2018 20:15:37.199 INFO [main] org.apache.tomcat.util.net.NioSelectorPool.getSharedSelector Using a shared selector for servlet write/read
13-May-2018 20:15:37.200 INFO [main] org.apache.catalina.startup.Catalina.load Initialization processed in 1460 ms
13-May-2018 20:15:37.244 INFO [main] org.apache.catalina.core.StandardService.startInternal Starting service Catalina
13-May-2018 20:15:37.244 INFO [main] org.apache.catalina.core.StandardEngine.startInternal Starting Servlet Engine: Apache Tomcat/8.0.32
13-May-2018 20:15:37.675 INFO [localhost-startStop-1] org.apache.catalina.startup.HostConfig.deployWAR Deploying web application archive G:\program\apache-tomcat-8.0.32\webapps\Dawn.war
13-May-2018 20:15:37.686 INFO [localhost-startStop-1] org.apache.catalina.startup.ExpandWar.expand An expanded directory [G:\program\apache-tomcat-8.0.32\webapps\Dawn] was found with a last modified time that did not match the associated WAR. It will be deleted.
13-May-2018 20:15:37.872 INFO [localhost-startStop-1] org.apache.catalina.startup.HostConfig.deployWAR Deployment of web application archive G:\program\apache-tomcat-8.0.32\webapps\Dawn.war has finished in 196 ms
13-May-2018 20:15:37.874 INFO [localhost-startStop-1] org.apache.catalina.startup.HostConfig.deployDirectory Deploying web application directory G:\program\apache-tomcat-8.0.32\webapps\docs
13-May-2018 20:15:37.915 INFO [localhost-startStop-1] org.apache.catalina.startup.HostConfig.deployDirectory Deployment of web application directory G:\program\apache-tomcat-8.0.32\webapps\docs has finished in 41 ms
13-May-2018 20:15:37.916 INFO [localhost-startStop-1] org.apache.catalina.startup.HostConfig.deployDirectory Deploying web application directory G:\program\apache-tomcat-8.0.32\webapps\examples
13-May-2018 20:15:38.504 INFO [localhost-startStop-1] org.apache.catalina.startup.HostConfig.deployDirectory Deployment of web application directory G:\program\apache-tomcat-8.0.32\webapps\examples has finished in 588 ms
13-May-2018 20:15:38.505 INFO [localhost-startStop-1] org.apache.catalina.startup.HostConfig.deployDirectory Deploying web application directory G:\program\apache-tomcat-8.0.32\webapps\host-manager
13-May-2018 20:15:38.553 INFO [localhost-startStop-1] org.apache.catalina.startup.HostConfig.deployDirectory Deployment of web application directory G:\program\apache-tomcat-8.0.32\webapps\host-manager has finished in 49 ms
13-May-2018 20:15:38.553 INFO [localhost-startStop-1] org.apache.catalina.startup.HostConfig.deployDirectory Deploying web application directory G:\program\apache-tomcat-8.0.32\webapps\manager
13-May-2018 20:15:38.595 INFO [localhost-startStop-1] org.apache.catalina.startup.HostConfig.deployDirectory Deployment of web application directory G:\program\apache-tomcat-8.0.32\webapps\manager has finished in 41 ms
13-May-2018 20:15:38.601 INFO [main] org.apache.coyote.AbstractProtocol.start Starting ProtocolHandler ["http-nio-80"]
13-May-2018 20:15:38.634 INFO [main] org.apache.coyote.AbstractProtocol.start Starting ProtocolHandler ["ajp-nio-8009"]
13-May-2018 20:15:38.645 INFO [main] org.apache.catalina.startup.Catalina.start Server startup in 1444 ms
13-May-2018 21:47:07.799 INFO [main] org.apache.catalina.startup.VersionLoggerListener.log Server version:        Apache Tomcat/8.0.32
13-May-2018 21:47:07.802 INFO [main] org.apache.catalina.startup.VersionLoggerListener.log Server built:          Feb 2 2016 19:34:53 UTC
13-May-2018 21:47:07.803 INFO [main] org.apache.catalina.startup.VersionLoggerListener.log Server number:         8.0.32.0
13-May-2018 21:47:07.805 INFO [main] org.apache.catalina.startup.VersionLoggerListener.log OS Name:               Windows 10
13-May-2018 21:47:07.805 INFO [main] org.apache.catalina.startup.VersionLoggerListener.log OS Version:            10.0
13-May-2018 21:47:07.806 INFO [main] org.apache.catalina.startup.VersionLoggerListener.log Architecture:          x86
13-May-2018 21:47:07.806 INFO [main] org.apache.catalina.startup.VersionLoggerListener.log Java Home:             G:\java_8\jdk-8u172\jre
13-May-2018 21:47:07.806 INFO [main] org.apache.catalina.startup.VersionLoggerListener.log JVM Version:           1.8.0_172-b11
13-May-2018 21:47:07.807 INFO [main] org.apache.catalina.startup.VersionLoggerListener.log JVM Vendor:            Oracle Corporation
13-May-2018 21:47:07.807 INFO [main] org.apache.catalina.startup.VersionLoggerListener.log CATALINA_BASE:         G:\program\apache-tomcat-8.0.32
13-May-2018 21:47:07.807 INFO [main] org.apache.catalina.startup.VersionLoggerListener.log CATALINA_HOME:         G:\program\apache-tomcat-8.0.32
13-May-2018 21:47:07.808 INFO [main] org.apache.catalina.startup.VersionLoggerListener.log Command line argument: -Djava.util.logging.config.file=G:\program\apache-tomcat-8.0.32\conf\logging.properties
13-May-2018 21:47:07.808 INFO [main] org.apache.catalina.startup.VersionLoggerListener.log Command line argument: -Djava.util.logging.manager=org.apache.juli.ClassLoaderLogManager
13-May-2018 21:47:07.809 INFO [main] org.apache.catalina.startup.VersionLoggerListener.log Command line argument: -Djava.endorsed.dirs=G:\program\apache-tomcat-8.0.32\endorsed
13-May-2018 21:47:07.809 INFO [main] org.apache.catalina.startup.VersionLoggerListener.log Command line argument: -Dcatalina.base=G:\program\apache-tomcat-8.0.32
13-May-2018 21:47:07.809 INFO [main] org.apache.catalina.startup.VersionLoggerListener.log Command line argument: -Dcatalina.home=G:\program\apache-tomcat-8.0.32
13-May-2018 21:47:07.809 INFO [main] org.apache.catalina.startup.VersionLoggerListener.log Command line argument: -Djava.io.tmpdir=G:\program\apache-tomcat-8.0.32\temp
13-May-2018 21:47:07.811 INFO [main] org.apache.catalina.core.AprLifecycleListener.lifecycleEvent The APR based Apache Tomcat Native library which allows optimal performance in production environments was not found on the java.library.path: G:\java_8\jdk-8u172\bin;C:\Windows\Sun\Java\bin;C:\Windows\system32;C:\Windows;G:\java_8\jdk-8u172\bin;G:\java_8\jdk-8u172\jre\bin;C:\Program Files (x86)\Common Files\Oracle\Java\javapath;C:\Windows\system32;C:\Windows;C:\Windows\System32\Wbem;C:\Windows\System32\WindowsPowerShell\v1.0\;C:\Users\YD\AppData\Local\Microsoft\WindowsApps;;.
13-May-2018 21:47:08.100 INFO [main] org.apache.coyote.AbstractProtocol.init Initializing ProtocolHandler ["http-nio-80"]
13-May-2018 21:47:08.136 SEVERE [main] org.apache.coyote.AbstractProtocol.init Failed to initialize end point associated with ProtocolHandler ["http-nio-80"]
 java.net.BindException: Address already in use: bind
	at sun.nio.ch.Net.bind0(Native Method)
	at sun.nio.ch.Net.bind(Net.java:433)
	at sun.nio.ch.Net.bind(Net.java:425)
	at sun.nio.ch.ServerSocketChannelImpl.bind(ServerSocketChannelImpl.java:223)
	at sun.nio.ch.ServerSocketAdaptor.bind(ServerSocketAdaptor.java:74)
	at org.apache.tomcat.util.net.NioEndpoint.bind(NioEndpoint.java:340)
	at org.apache.tomcat.util.net.AbstractEndpoint.init(AbstractEndpoint.java:742)
	at org.apache.coyote.AbstractProtocol.init(AbstractProtocol.java:458)
	at org.apache.coyote.http11.AbstractHttp11JsseProtocol.init(AbstractHttp11JsseProtocol.java:120)
	at org.apache.catalina.connector.Connector.initInternal(Connector.java:960)
	at org.apache.catalina.util.LifecycleBase.init(LifecycleBase.java:102)
	at org.apache.catalina.core.StandardService.initInternal(StandardService.java:568)
	at org.apache.catalina.util.LifecycleBase.init(LifecycleBase.java:102)
	at org.apache.catalina.core.StandardServer.initInternal(StandardServer.java:851)
	at org.apache.catalina.util.LifecycleBase.init(LifecycleBase.java:102)
	at org.apache.catalina.startup.Catalina.load(Catalina.java:580)
	at org.apache.catalina.startup.Catalina.load(Catalina.java:603)
	at sun.reflect.NativeMethodAccessorImpl.invoke0(Native Method)
	at sun.reflect.NativeMethodAccessorImpl.invoke(NativeMethodAccessorImpl.java:62)
	at sun.reflect.DelegatingMethodAccessorImpl.invoke(DelegatingMethodAccessorImpl.java:43)
	at java.lang.reflect.Method.invoke(Method.java:498)
	at org.apache.catalina.startup.Bootstrap.load(Bootstrap.java:310)
	at org.apache.catalina.startup.Bootstrap.main(Bootstrap.java:484)

13-May-2018 21:47:08.141 SEVERE [main] org.apache.catalina.core.StandardService.initInternal Failed to initialize connector [Connector[HTTP/1.1-80]]
 org.apache.catalina.LifecycleException: Failed to initialize component [Connector[HTTP/1.1-80]]
	at org.apache.catalina.util.LifecycleBase.init(LifecycleBase.java:106)
	at org.apache.catalina.core.StandardService.initInternal(StandardService.java:568)
	at org.apache.catalina.util.LifecycleBase.init(LifecycleBase.java:102)
	at org.apache.catalina.core.StandardServer.initInternal(StandardServer.java:851)
	at org.apache.catalina.util.LifecycleBase.init(LifecycleBase.java:102)
	at org.apache.catalina.startup.Catalina.load(Catalina.java:580)
	at org.apache.catalina.startup.Catalina.load(Catalina.java:603)
	at sun.reflect.NativeMethodAccessorImpl.invoke0(Native Method)
	at sun.reflect.NativeMethodAccessorImpl.invoke(NativeMethodAccessorImpl.java:62)
	at sun.reflect.DelegatingMethodAccessorImpl.invoke(DelegatingMethodAccessorImpl.java:43)
	at java.lang.reflect.Method.invoke(Method.java:498)
	at org.apache.catalina.startup.Bootstrap.load(Bootstrap.java:310)
	at org.apache.catalina.startup.Bootstrap.main(Bootstrap.java:484)
Caused by: org.apache.catalina.LifecycleException: Protocol handler initialization failed
	at org.apache.catalina.connector.Connector.initInternal(Connector.java:962)
	at org.apache.catalina.util.LifecycleBase.init(LifecycleBase.java:102)
	... 12 more
Caused by: java.net.BindException: Address already in use: bind
	at sun.nio.ch.Net.bind0(Native Method)
	at sun.nio.ch.Net.bind(Net.java:433)
	at sun.nio.ch.Net.bind(Net.java:425)
	at sun.nio.ch.ServerSocketChannelImpl.bind(ServerSocketChannelImpl.java:223)
	at sun.nio.ch.ServerSocketAdaptor.bind(ServerSocketAdaptor.java:74)
	at org.apache.tomcat.util.net.NioEndpoint.bind(NioEndpoint.java:340)
	at org.apache.tomcat.util.net.AbstractEndpoint.init(AbstractEndpoint.java:742)
	at org.apache.coyote.AbstractProtocol.init(AbstractProtocol.java:458)
	at org.apache.coyote.http11.AbstractHttp11JsseProtocol.init(AbstractHttp11JsseProtocol.java:120)
	at org.apache.catalina.connector.Connector.initInternal(Connector.java:960)
	... 13 more

13-May-2018 21:47:08.145 INFO [main] org.apache.coyote.AbstractProtocol.init Initializing ProtocolHandler ["ajp-nio-8009"]
13-May-2018 21:47:08.150 SEVERE [main] org.apache.coyote.AbstractProtocol.init Failed to initialize end point associated with ProtocolHandler ["ajp-nio-8009"]
 java.net.BindException: Address already in use: bind
	at sun.nio.ch.Net.bind0(Native Method)
	at sun.nio.ch.Net.bind(Net.java:433)
	at sun.nio.ch.Net.bind(Net.java:425)
	at sun.nio.ch.ServerSocketChannelImpl.bind(ServerSocketChannelImpl.java:223)
	at sun.nio.ch.ServerSocketAdaptor.bind(ServerSocketAdaptor.java:74)
	at org.apache.tomcat.util.net.NioEndpoint.bind(NioEndpoint.java:340)
	at org.apache.tomcat.util.net.AbstractEndpoint.init(AbstractEndpoint.java:742)
	at org.apache.coyote.AbstractProtocol.init(AbstractProtocol.java:458)
	at org.apache.catalina.connector.Connector.initInternal(Connector.java:960)
	at org.apache.catalina.util.LifecycleBase.init(LifecycleBase.java:102)
	at org.apache.catalina.core.StandardService.initInternal(StandardService.java:568)
	at org.apache.catalina.util.LifecycleBase.init(LifecycleBase.java:102)
	at org.apache.catalina.core.StandardServer.initInternal(StandardServer.java:851)
	at org.apache.catalina.util.LifecycleBase.init(LifecycleBase.java:102)
	at org.apache.catalina.startup.Catalina.load(Catalina.java:580)
	at org.apache.catalina.startup.Catalina.load(Catalina.java:603)
	at sun.reflect.NativeMethodAccessorImpl.invoke0(Native Method)
	at sun.reflect.NativeMethodAccessorImpl.invoke(NativeMethodAccessorImpl.java:62)
	at sun.reflect.DelegatingMethodAccessorImpl.invoke(DelegatingMethodAccessorImpl.java:43)
	at java.lang.reflect.Method.invoke(Method.java:498)
	at org.apache.catalina.startup.Bootstrap.load(Bootstrap.java:310)
	at org.apache.catalina.startup.Bootstrap.main(Bootstrap.java:484)

13-May-2018 21:47:08.151 SEVERE [main] org.apache.catalina.core.StandardService.initInternal Failed to initialize connector [Connector[AJP/1.3-8009]]
 org.apache.catalina.LifecycleException: Failed to initialize component [Connector[AJP/1.3-8009]]
	at org.apache.catalina.util.LifecycleBase.init(LifecycleBase.java:106)
	at org.apache.catalina.core.StandardService.initInternal(StandardService.java:568)
	at org.apache.catalina.util.LifecycleBase.init(LifecycleBase.java:102)
	at org.apache.catalina.core.StandardServer.initInternal(StandardServer.java:851)
	at org.apache.catalina.util.LifecycleBase.init(LifecycleBase.java:102)
	at org.apache.catalina.startup.Catalina.load(Catalina.java:580)
	at org.apache.catalina.startup.Catalina.load(Catalina.java:603)
	at sun.reflect.NativeMethodAccessorImpl.invoke0(Native Method)
	at sun.reflect.NativeMethodAccessorImpl.invoke(NativeMethodAccessorImpl.java:62)
	at sun.reflect.DelegatingMethodAccessorImpl.invoke(DelegatingMethodAccessorImpl.java:43)
	at java.lang.reflect.Method.invoke(Method.java:498)
	at org.apache.catalina.startup.Bootstrap.load(Bootstrap.java:310)
	at org.apache.catalina.startup.Bootstrap.main(Bootstrap.java:484)
Caused by: org.apache.catalina.LifecycleException: Protocol handler initialization failed
	at org.apache.catalina.connector.Connector.initInternal(Connector.java:962)
	at org.apache.catalina.util.LifecycleBase.init(LifecycleBase.java:102)
	... 12 more
Caused by: java.net.BindException: Address already in use: bind
	at sun.nio.ch.Net.bind0(Native Method)
	at sun.nio.ch.Net.bind(Net.java:433)
	at sun.nio.ch.Net.bind(Net.java:425)
	at sun.nio.ch.ServerSocketChannelImpl.bind(ServerSocketChannelImpl.java:223)
	at sun.nio.ch.ServerSocketAdaptor.bind(ServerSocketAdaptor.java:74)
	at org.apache.tomcat.util.net.NioEndpoint.bind(NioEndpoint.java:340)
	at org.apache.tomcat.util.net.AbstractEndpoint.init(AbstractEndpoint.java:742)
	at org.apache.coyote.AbstractProtocol.init(AbstractProtocol.java:458)
	at org.apache.catalina.connector.Connector.initInternal(Connector.java:960)
	... 13 more

13-May-2018 21:47:08.156 INFO [main] org.apache.catalina.startup.Catalina.load Initialization processed in 1088 ms
13-May-2018 21:47:08.211 INFO [main] org.apache.catalina.core.StandardService.startInternal Starting service Catalina
13-May-2018 21:47:08.212 INFO [main] org.apache.catalina.core.StandardEngine.startInternal Starting Servlet Engine: Apache Tomcat/8.0.32
13-May-2018 21:47:09.142 INFO [localhost-startStop-1] org.apache.catalina.util.SessionIdGeneratorBase.createSecureRandom Creation of SecureRandom instance for session ID generation using [SHA1PRNG] took [477] milliseconds.
13-May-2018 21:47:09.188 INFO [localhost-startStop-1] org.apache.catalina.startup.HostConfig.deployWAR Deploying web application archive G:\program\apache-tomcat-8.0.32\webapps\Dawn.war
13-May-2018 21:47:09.197 INFO [localhost-startStop-1] org.apache.catalina.startup.ExpandWar.expand An expanded directory [G:\program\apache-tomcat-8.0.32\webapps\Dawn] was found with a last modified time that did not match the associated WAR. It will be deleted.
13-May-2018 21:47:09.402 INFO [localhost-startStop-1] org.apache.catalina.startup.HostConfig.deployWAR Deployment of web application archive G:\program\apache-tomcat-8.0.32\webapps\Dawn.war has finished in 214 ms
13-May-2018 21:47:09.405 INFO [localhost-startStop-1] org.apache.catalina.startup.HostConfig.deployDirectory Deploying web application directory G:\program\apache-tomcat-8.0.32\webapps\docs
13-May-2018 21:47:09.465 INFO [localhost-startStop-1] org.apache.catalina.startup.HostConfig.deployDirectory Deployment of web application directory G:\program\apache-tomcat-8.0.32\webapps\docs has finished in 60 ms
13-May-2018 21:47:09.466 INFO [localhost-startStop-1] org.apache.catalina.startup.HostConfig.deployDirectory Deploying web application directory G:\program\apache-tomcat-8.0.32\webapps\examples
13-May-2018 21:47:10.365 INFO [localhost-startStop-1] org.apache.catalina.startup.HostConfig.deployDirectory Deployment of web application directory G:\program\apache-tomcat-8.0.32\webapps\examples has finished in 900 ms
13-May-2018 21:47:10.366 INFO [localhost-startStop-1] org.apache.catalina.startup.HostConfig.deployDirectory Deploying web application directory G:\program\apache-tomcat-8.0.32\webapps\host-manager
13-May-2018 21:47:10.461 INFO [localhost-startStop-1] org.apache.catalina.startup.HostConfig.deployDirectory Deployment of web application directory G:\program\apache-tomcat-8.0.32\webapps\host-manager has finished in 95 ms
13-May-2018 21:47:10.462 INFO [localhost-startStop-1] org.apache.catalina.startup.HostConfig.deployDirectory Deploying web application directory G:\program\apache-tomcat-8.0.32\webapps\manager
13-May-2018 21:47:10.556 INFO [localhost-startStop-1] org.apache.catalina.startup.HostConfig.deployDirectory Deployment of web application directory G:\program\apache-tomcat-8.0.32\webapps\manager has finished in 93 ms
13-May-2018 21:47:10.563 INFO [main] org.apache.catalina.startup.Catalina.start Server startup in 2405 ms
13-May-2018 21:47:10.584 SEVERE [main] org.apache.catalina.core.StandardServer.await StandardServer.await: create[localhost:8005]: 
 java.net.BindException: Address already in use: JVM_Bind
	at java.net.DualStackPlainSocketImpl.bind0(Native Method)
	at java.net.DualStackPlainSocketImpl.socketBind(DualStackPlainSocketImpl.java:106)
	at java.net.AbstractPlainSocketImpl.bind(AbstractPlainSocketImpl.java:387)
	at java.net.PlainSocketImpl.bind(PlainSocketImpl.java:190)
	at java.net.ServerSocket.bind(ServerSocket.java:375)
	at java.net.ServerSocket.<init>(ServerSocket.java:237)
	at org.apache.catalina.core.StandardServer.await(StandardServer.java:420)
	at org.apache.catalina.startup.Catalina.await(Catalina.java:717)
	at org.apache.catalina.startup.Catalina.start(Catalina.java:663)
	at sun.reflect.NativeMethodAccessorImpl.invoke0(Native Method)
	at sun.reflect.NativeMethodAccessorImpl.invoke(NativeMethodAccessorImpl.java:62)
	at sun.reflect.DelegatingMethodAccessorImpl.invoke(DelegatingMethodAccessorImpl.java:43)
	at java.lang.reflect.Method.invoke(Method.java:498)
	at org.apache.catalina.startup.Bootstrap.start(Bootstrap.java:351)
	at org.apache.catalina.startup.Bootstrap.main(Bootstrap.java:485)

13-May-2018 21:47:10.586 INFO [main] org.apache.coyote.AbstractProtocol.pause Pausing ProtocolHandler ["http-nio-80"]
13-May-2018 21:47:10.587 INFO [main] org.apache.coyote.AbstractProtocol.pause Pausing ProtocolHandler ["ajp-nio-8009"]
13-May-2018 21:47:10.589 INFO [main] org.apache.catalina.core.StandardService.stopInternal Stopping service Catalina
13-May-2018 21:47:10.660 INFO [main] org.apache.coyote.AbstractProtocol.stop Stopping ProtocolHandler ["http-nio-80"]
13-May-2018 21:47:10.661 INFO [main] org.apache.coyote.AbstractProtocol.destroy Destroying ProtocolHandler ["http-nio-80"]
13-May-2018 21:47:10.662 INFO [main] org.apache.coyote.AbstractProtocol.stop Stopping ProtocolHandler ["ajp-nio-8009"]
13-May-2018 21:47:10.662 INFO [main] org.apache.coyote.AbstractProtocol.destroy Destroying ProtocolHandler ["ajp-nio-8009"]
13-May-2018 21:47:28.916 INFO [main] org.apache.catalina.startup.VersionLoggerListener.log Server version:        Apache Tomcat/8.0.32
13-May-2018 21:47:28.919 INFO [main] org.apache.catalina.startup.VersionLoggerListener.log Server built:          Feb 2 2016 19:34:53 UTC
13-May-2018 21:47:28.919 INFO [main] org.apache.catalina.startup.VersionLoggerListener.log Server number:         8.0.32.0
13-May-2018 21:47:28.920 INFO [main] org.apache.catalina.startup.VersionLoggerListener.log OS Name:               Windows 10
13-May-2018 21:47:28.920 INFO [main] org.apache.catalina.startup.VersionLoggerListener.log OS Version:            10.0
13-May-2018 21:47:28.920 INFO [main] org.apache.catalina.startup.VersionLoggerListener.log Architecture:          x86
13-May-2018 21:47:28.920 INFO [main] org.apache.catalina.startup.VersionLoggerListener.log Java Home:             G:\java_8\jdk-8u172\jre
13-May-2018 21:47:28.921 INFO [main] org.apache.catalina.startup.VersionLoggerListener.log JVM Version:           1.8.0_172-b11
13-May-2018 21:47:28.921 INFO [main] org.apache.catalina.startup.VersionLoggerListener.log JVM Vendor:            Oracle Corporation
13-May-2018 21:47:28.921 INFO [main] org.apache.catalina.startup.VersionLoggerListener.log CATALINA_BASE:         G:\program\apache-tomcat-8.0.32
13-May-2018 21:47:28.921 INFO [main] org.apache.catalina.startup.VersionLoggerListener.log CATALINA_HOME:         G:\program\apache-tomcat-8.0.32
13-May-2018 21:47:28.922 INFO [main] org.apache.catalina.startup.VersionLoggerListener.log Command line argument: -Djava.util.logging.config.file=G:\program\apache-tomcat-8.0.32\conf\logging.properties
13-May-2018 21:47:28.922 INFO [main] org.apache.catalina.startup.VersionLoggerListener.log Command line argument: -Djava.util.logging.manager=org.apache.juli.ClassLoaderLogManager
13-May-2018 21:47:28.923 INFO [main] org.apache.catalina.startup.VersionLoggerListener.log Command line argument: -Djava.endorsed.dirs=G:\program\apache-tomcat-8.0.32\endorsed
13-May-2018 21:47:28.923 INFO [main] org.apache.catalina.startup.VersionLoggerListener.log Command line argument: -Dcatalina.base=G:\program\apache-tomcat-8.0.32
13-May-2018 21:47:28.923 INFO [main] org.apache.catalina.startup.VersionLoggerListener.log Command line argument: -Dcatalina.home=G:\program\apache-tomcat-8.0.32
13-May-2018 21:47:28.923 INFO [main] org.apache.catalina.startup.VersionLoggerListener.log Command line argument: -Djava.io.tmpdir=G:\program\apache-tomcat-8.0.32\temp
13-May-2018 21:47:28.924 INFO [main] org.apache.catalina.core.AprLifecycleListener.lifecycleEvent The APR based Apache Tomcat Native library which allows optimal performance in production environments was not found on the java.library.path: G:\java_8\jdk-8u172\bin;C:\Windows\Sun\Java\bin;C:\Windows\system32;C:\Windows;G:\java_8\jdk-8u172\bin;G:\java_8\jdk-8u172\jre\bin;C:\Program Files (x86)\Common Files\Oracle\Java\javapath;C:\Windows\system32;C:\Windows;C:\Windows\System32\Wbem;C:\Windows\System32\WindowsPowerShell\v1.0\;C:\Users\YD\AppData\Local\Microsoft\WindowsApps;;.
13-May-2018 21:47:29.194 INFO [main] org.apache.coyote.AbstractProtocol.init Initializing ProtocolHandler ["http-nio-80"]
13-May-2018 21:47:29.215 SEVERE [main] org.apache.coyote.AbstractProtocol.init Failed to initialize end point associated with ProtocolHandler ["http-nio-80"]
 java.net.BindException: Address already in use: bind
	at sun.nio.ch.Net.bind0(Native Method)
	at sun.nio.ch.Net.bind(Net.java:433)
	at sun.nio.ch.Net.bind(Net.java:425)
	at sun.nio.ch.ServerSocketChannelImpl.bind(ServerSocketChannelImpl.java:223)
	at sun.nio.ch.ServerSocketAdaptor.bind(ServerSocketAdaptor.java:74)
	at org.apache.tomcat.util.net.NioEndpoint.bind(NioEndpoint.java:340)
	at org.apache.tomcat.util.net.AbstractEndpoint.init(AbstractEndpoint.java:742)
	at org.apache.coyote.AbstractProtocol.init(AbstractProtocol.java:458)
	at org.apache.coyote.http11.AbstractHttp11JsseProtocol.init(AbstractHttp11JsseProtocol.java:120)
	at org.apache.catalina.connector.Connector.initInternal(Connector.java:960)
	at org.apache.catalina.util.LifecycleBase.init(LifecycleBase.java:102)
	at org.apache.catalina.core.StandardService.initInternal(StandardService.java:568)
	at org.apache.catalina.util.LifecycleBase.init(LifecycleBase.java:102)
	at org.apache.catalina.core.StandardServer.initInternal(StandardServer.java:851)
	at org.apache.catalina.util.LifecycleBase.init(LifecycleBase.java:102)
	at org.apache.catalina.startup.Catalina.load(Catalina.java:580)
	at org.apache.catalina.startup.Catalina.load(Catalina.java:603)
	at sun.reflect.NativeMethodAccessorImpl.invoke0(Native Method)
	at sun.reflect.NativeMethodAccessorImpl.invoke(NativeMethodAccessorImpl.java:62)
	at sun.reflect.DelegatingMethodAccessorImpl.invoke(DelegatingMethodAccessorImpl.java:43)
	at java.lang.reflect.Method.invoke(Method.java:498)
	at org.apache.catalina.startup.Bootstrap.load(Bootstrap.java:310)
	at org.apache.catalina.startup.Bootstrap.main(Bootstrap.java:484)

13-May-2018 21:47:29.218 SEVERE [main] org.apache.catalina.core.StandardService.initInternal Failed to initialize connector [Connector[HTTP/1.1-80]]
 org.apache.catalina.LifecycleException: Failed to initialize component [Connector[HTTP/1.1-80]]
	at org.apache.catalina.util.LifecycleBase.init(LifecycleBase.java:106)
	at org.apache.catalina.core.StandardService.initInternal(StandardService.java:568)
	at org.apache.catalina.util.LifecycleBase.init(LifecycleBase.java:102)
	at org.apache.catalina.core.StandardServer.initInternal(StandardServer.java:851)
	at org.apache.catalina.util.LifecycleBase.init(LifecycleBase.java:102)
	at org.apache.catalina.startup.Catalina.load(Catalina.java:580)
	at org.apache.catalina.startup.Catalina.load(Catalina.java:603)
	at sun.reflect.NativeMethodAccessorImpl.invoke0(Native Method)
	at sun.reflect.NativeMethodAccessorImpl.invoke(NativeMethodAccessorImpl.java:62)
	at sun.reflect.DelegatingMethodAccessorImpl.invoke(DelegatingMethodAccessorImpl.java:43)
	at java.lang.reflect.Method.invoke(Method.java:498)
	at org.apache.catalina.startup.Bootstrap.load(Bootstrap.java:310)
	at org.apache.catalina.startup.Bootstrap.main(Bootstrap.java:484)
Caused by: org.apache.catalina.LifecycleException: Protocol handler initialization failed
	at org.apache.catalina.connector.Connector.initInternal(Connector.java:962)
	at org.apache.catalina.util.LifecycleBase.init(LifecycleBase.java:102)
	... 12 more
Caused by: java.net.BindException: Address already in use: bind
	at sun.nio.ch.Net.bind0(Native Method)
	at sun.nio.ch.Net.bind(Net.java:433)
	at sun.nio.ch.Net.bind(Net.java:425)
	at sun.nio.ch.ServerSocketChannelImpl.bind(ServerSocketChannelImpl.java:223)
	at sun.nio.ch.ServerSocketAdaptor.bind(ServerSocketAdaptor.java:74)
	at org.apache.tomcat.util.net.NioEndpoint.bind(NioEndpoint.java:340)
	at org.apache.tomcat.util.net.AbstractEndpoint.init(AbstractEndpoint.java:742)
	at org.apache.coyote.AbstractProtocol.init(AbstractProtocol.java:458)
	at org.apache.coyote.http11.AbstractHttp11JsseProtocol.init(AbstractHttp11JsseProtocol.java:120)
	at org.apache.catalina.connector.Connector.initInternal(Connector.java:960)
	... 13 more

13-May-2018 21:47:29.220 INFO [main] org.apache.coyote.AbstractProtocol.init Initializing ProtocolHandler ["ajp-nio-8009"]
13-May-2018 21:47:29.223 SEVERE [main] org.apache.coyote.AbstractProtocol.init Failed to initialize end point associated with ProtocolHandler ["ajp-nio-8009"]
 java.net.BindException: Address already in use: bind
	at sun.nio.ch.Net.bind0(Native Method)
	at sun.nio.ch.Net.bind(Net.java:433)
	at sun.nio.ch.Net.bind(Net.java:425)
	at sun.nio.ch.ServerSocketChannelImpl.bind(ServerSocketChannelImpl.java:223)
	at sun.nio.ch.ServerSocketAdaptor.bind(ServerSocketAdaptor.java:74)
	at org.apache.tomcat.util.net.NioEndpoint.bind(NioEndpoint.java:340)
	at org.apache.tomcat.util.net.AbstractEndpoint.init(AbstractEndpoint.java:742)
	at org.apache.coyote.AbstractProtocol.init(AbstractProtocol.java:458)
	at org.apache.catalina.connector.Connector.initInternal(Connector.java:960)
	at org.apache.catalina.util.LifecycleBase.init(LifecycleBase.java:102)
	at org.apache.catalina.core.StandardService.initInternal(StandardService.java:568)
	at org.apache.catalina.util.LifecycleBase.init(LifecycleBase.java:102)
	at org.apache.catalina.core.StandardServer.initInternal(StandardServer.java:851)
	at org.apache.catalina.util.LifecycleBase.init(LifecycleBase.java:102)
	at org.apache.catalina.startup.Catalina.load(Catalina.java:580)
	at org.apache.catalina.startup.Catalina.load(Catalina.java:603)
	at sun.reflect.NativeMethodAccessorImpl.invoke0(Native Method)
	at sun.reflect.NativeMethodAccessorImpl.invoke(NativeMethodAccessorImpl.java:62)
	at sun.reflect.DelegatingMethodAccessorImpl.invoke(DelegatingMethodAccessorImpl.java:43)
	at java.lang.reflect.Method.invoke(Method.java:498)
	at org.apache.catalina.startup.Bootstrap.load(Bootstrap.java:310)
	at org.apache.catalina.startup.Bootstrap.main(Bootstrap.java:484)

13-May-2018 21:47:29.224 SEVERE [main] org.apache.catalina.core.StandardService.initInternal Failed to initialize connector [Connector[AJP/1.3-8009]]
 org.apache.catalina.LifecycleException: Failed to initialize component [Connector[AJP/1.3-8009]]
	at org.apache.catalina.util.LifecycleBase.init(LifecycleBase.java:106)
	at org.apache.catalina.core.StandardService.initInternal(StandardService.java:568)
	at org.apache.catalina.util.LifecycleBase.init(LifecycleBase.java:102)
	at org.apache.catalina.core.StandardServer.initInternal(StandardServer.java:851)
	at org.apache.catalina.util.LifecycleBase.init(LifecycleBase.java:102)
	at org.apache.catalina.startup.Catalina.load(Catalina.java:580)
	at org.apache.catalina.startup.Catalina.load(Catalina.java:603)
	at sun.reflect.NativeMethodAccessorImpl.invoke0(Native Method)
	at sun.reflect.NativeMethodAccessorImpl.invoke(NativeMethodAccessorImpl.java:62)
	at sun.reflect.DelegatingMethodAccessorImpl.invoke(DelegatingMethodAccessorImpl.java:43)
	at java.lang.reflect.Method.invoke(Method.java:498)
	at org.apache.catalina.startup.Bootstrap.load(Bootstrap.java:310)
	at org.apache.catalina.startup.Bootstrap.main(Bootstrap.java:484)
Caused by: org.apache.catalina.LifecycleException: Protocol handler initialization failed
	at org.apache.catalina.connector.Connector.initInternal(Connector.java:962)
	at org.apache.catalina.util.LifecycleBase.init(LifecycleBase.java:102)
	... 12 more
Caused by: java.net.BindException: Address already in use: bind
	at sun.nio.ch.Net.bind0(Native Method)
	at sun.nio.ch.Net.bind(Net.java:433)
	at sun.nio.ch.Net.bind(Net.java:425)
	at sun.nio.ch.ServerSocketChannelImpl.bind(ServerSocketChannelImpl.java:223)
	at sun.nio.ch.ServerSocketAdaptor.bind(ServerSocketAdaptor.java:74)
	at org.apache.tomcat.util.net.NioEndpoint.bind(NioEndpoint.java:340)
	at org.apache.tomcat.util.net.AbstractEndpoint.init(AbstractEndpoint.java:742)
	at org.apache.coyote.AbstractProtocol.init(AbstractProtocol.java:458)
	at org.apache.catalina.connector.Connector.initInternal(Connector.java:960)
	... 13 more

13-May-2018 21:47:29.225 INFO [main] org.apache.catalina.startup.Catalina.load Initialization processed in 1154 ms
13-May-2018 21:47:29.263 INFO [main] org.apache.catalina.core.StandardService.startInternal Starting service Catalina
13-May-2018 21:47:29.264 INFO [main] org.apache.catalina.core.StandardEngine.startInternal Starting Servlet Engine: Apache Tomcat/8.0.32
13-May-2018 21:47:30.109 INFO [localhost-startStop-1] org.apache.catalina.util.SessionIdGeneratorBase.createSecureRandom Creation of SecureRandom instance for session ID generation using [SHA1PRNG] took [434] milliseconds.
13-May-2018 21:47:30.159 INFO [localhost-startStop-1] org.apache.catalina.startup.HostConfig.deployWAR Deploying web application archive G:\program\apache-tomcat-8.0.32\webapps\Dawn.war
13-May-2018 21:47:30.260 INFO [localhost-startStop-1] org.apache.catalina.startup.HostConfig.deployWAR Deployment of web application archive G:\program\apache-tomcat-8.0.32\webapps\Dawn.war has finished in 100 ms
13-May-2018 21:47:30.263 INFO [localhost-startStop-1] org.apache.catalina.startup.HostConfig.deployDirectory Deploying web application directory G:\program\apache-tomcat-8.0.32\webapps\docs
13-May-2018 21:47:30.320 INFO [localhost-startStop-1] org.apache.catalina.startup.HostConfig.deployDirectory Deployment of web application directory G:\program\apache-tomcat-8.0.32\webapps\docs has finished in 57 ms
13-May-2018 21:47:30.321 INFO [localhost-startStop-1] org.apache.catalina.startup.HostConfig.deployDirectory Deploying web application directory G:\program\apache-tomcat-8.0.32\webapps\examples
13-May-2018 21:47:31.107 INFO [localhost-startStop-1] org.apache.catalina.startup.HostConfig.deployDirectory Deployment of web application directory G:\program\apache-tomcat-8.0.32\webapps\examples has finished in 786 ms
13-May-2018 21:47:31.107 INFO [localhost-startStop-1] org.apache.catalina.startup.HostConfig.deployDirectory Deploying web application directory G:\program\apache-tomcat-8.0.32\webapps\host-manager
13-May-2018 21:47:31.158 INFO [localhost-startStop-1] org.apache.catalina.startup.HostConfig.deployDirectory Deployment of web application directory G:\program\apache-tomcat-8.0.32\webapps\host-manager has finished in 51 ms
13-May-2018 21:47:31.159 INFO [localhost-startStop-1] org.apache.catalina.startup.HostConfig.deployDirectory Deploying web application directory G:\program\apache-tomcat-8.0.32\webapps\manager
13-May-2018 21:47:31.200 INFO [localhost-startStop-1] org.apache.catalina.startup.HostConfig.deployDirectory Deployment of web application directory G:\program\apache-tomcat-8.0.32\webapps\manager has finished in 40 ms
13-May-2018 21:47:31.215 INFO [main] org.apache.catalina.startup.Catalina.start Server startup in 1989 ms
13-May-2018 21:47:31.231 SEVERE [main] org.apache.catalina.core.StandardServer.await StandardServer.await: create[localhost:8005]: 
 java.net.BindException: Address already in use: JVM_Bind
	at java.net.DualStackPlainSocketImpl.bind0(Native Method)
	at java.net.DualStackPlainSocketImpl.socketBind(DualStackPlainSocketImpl.java:106)
	at java.net.AbstractPlainSocketImpl.bind(AbstractPlainSocketImpl.java:387)
	at java.net.PlainSocketImpl.bind(PlainSocketImpl.java:190)
	at java.net.ServerSocket.bind(ServerSocket.java:375)
	at java.net.ServerSocket.<init>(ServerSocket.java:237)
	at org.apache.catalina.core.StandardServer.await(StandardServer.java:420)
	at org.apache.catalina.startup.Catalina.await(Catalina.java:717)
	at org.apache.catalina.startup.Catalina.start(Catalina.java:663)
	at sun.reflect.NativeMethodAccessorImpl.invoke0(Native Method)
	at sun.reflect.NativeMethodAccessorImpl.invoke(NativeMethodAccessorImpl.java:62)
	at sun.reflect.DelegatingMethodAccessorImpl.invoke(DelegatingMethodAccessorImpl.java:43)
	at java.lang.reflect.Method.invoke(Method.java:498)
	at org.apache.catalina.startup.Bootstrap.start(Bootstrap.java:351)
	at org.apache.catalina.startup.Bootstrap.main(Bootstrap.java:485)

13-May-2018 21:47:31.232 INFO [main] org.apache.coyote.AbstractProtocol.pause Pausing ProtocolHandler ["http-nio-80"]
13-May-2018 21:47:31.232 INFO [main] org.apache.coyote.AbstractProtocol.pause Pausing ProtocolHandler ["ajp-nio-8009"]
13-May-2018 21:47:31.233 INFO [main] org.apache.catalina.core.StandardService.stopInternal Stopping service Catalina
13-May-2018 21:47:31.282 INFO [main] org.apache.coyote.AbstractProtocol.stop Stopping ProtocolHandler ["http-nio-80"]
13-May-2018 21:47:31.283 INFO [main] org.apache.coyote.AbstractProtocol.destroy Destroying ProtocolHandler ["http-nio-80"]
13-May-2018 21:47:31.284 INFO [main] org.apache.coyote.AbstractProtocol.stop Stopping ProtocolHandler ["ajp-nio-8009"]
13-May-2018 21:47:31.285 INFO [main] org.apache.coyote.AbstractProtocol.destroy Destroying ProtocolHandler ["ajp-nio-8009"]
13-May-2018 21:47:58.102 INFO [main] org.apache.catalina.startup.VersionLoggerListener.log Server version:        Apache Tomcat/8.0.32
13-May-2018 21:47:58.105 INFO [main] org.apache.catalina.startup.VersionLoggerListener.log Server built:          Feb 2 2016 19:34:53 UTC
13-May-2018 21:47:58.105 INFO [main] org.apache.catalina.startup.VersionLoggerListener.log Server number:         8.0.32.0
13-May-2018 21:47:58.105 INFO [main] org.apache.catalina.startup.VersionLoggerListener.log OS Name:               Windows 10
13-May-2018 21:47:58.106 INFO [main] org.apache.catalina.startup.VersionLoggerListener.log OS Version:            10.0
13-May-2018 21:47:58.106 INFO [main] org.apache.catalina.startup.VersionLoggerListener.log Architecture:          x86
13-May-2018 21:47:58.106 INFO [main] org.apache.catalina.startup.VersionLoggerListener.log Java Home:             G:\java_8\jdk-8u172\jre
13-May-2018 21:47:58.106 INFO [main] org.apache.catalina.startup.VersionLoggerListener.log JVM Version:           1.8.0_172-b11
13-May-2018 21:47:58.107 INFO [main] org.apache.catalina.startup.VersionLoggerListener.log JVM Vendor:            Oracle Corporation
13-May-2018 21:47:58.107 INFO [main] org.apache.catalina.startup.VersionLoggerListener.log CATALINA_BASE:         G:\program\apache-tomcat-8.0.32
13-May-2018 21:47:58.107 INFO [main] org.apache.catalina.startup.VersionLoggerListener.log CATALINA_HOME:         G:\program\apache-tomcat-8.0.32
13-May-2018 21:47:58.108 INFO [main] org.apache.catalina.startup.VersionLoggerListener.log Command line argument: -Djava.util.logging.config.file=G:\program\apache-tomcat-8.0.32\conf\logging.properties
13-May-2018 21:47:58.108 INFO [main] org.apache.catalina.startup.VersionLoggerListener.log Command line argument: -Djava.util.logging.manager=org.apache.juli.ClassLoaderLogManager
13-May-2018 21:47:58.108 INFO [main] org.apache.catalina.startup.VersionLoggerListener.log Command line argument: -Djava.endorsed.dirs=G:\program\apache-tomcat-8.0.32\endorsed
13-May-2018 21:47:58.108 INFO [main] org.apache.catalina.startup.VersionLoggerListener.log Command line argument: -Dcatalina.base=G:\program\apache-tomcat-8.0.32
13-May-2018 21:47:58.109 INFO [main] org.apache.catalina.startup.VersionLoggerListener.log Command line argument: -Dcatalina.home=G:\program\apache-tomcat-8.0.32
13-May-2018 21:47:58.109 INFO [main] org.apache.catalina.startup.VersionLoggerListener.log Command line argument: -Djava.io.tmpdir=G:\program\apache-tomcat-8.0.32\temp
13-May-2018 21:47:58.110 INFO [main] org.apache.catalina.core.AprLifecycleListener.lifecycleEvent The APR based Apache Tomcat Native library which allows optimal performance in production environments was not found on the java.library.path: G:\java_8\jdk-8u172\bin;C:\Windows\Sun\Java\bin;C:\Windows\system32;C:\Windows;G:\java_8\jdk-8u172\bin;G:\java_8\jdk-8u172\jre\bin;C:\Program Files (x86)\Common Files\Oracle\Java\javapath;C:\Windows\system32;C:\Windows;C:\Windows\System32\Wbem;C:\Windows\System32\WindowsPowerShell\v1.0\;C:\Users\YD\AppData\Local\Microsoft\WindowsApps;;.
13-May-2018 21:47:58.394 INFO [main] org.apache.coyote.AbstractProtocol.init Initializing ProtocolHandler ["http-nio-80"]
13-May-2018 21:47:58.422 SEVERE [main] org.apache.coyote.AbstractProtocol.init Failed to initialize end point associated with ProtocolHandler ["http-nio-80"]
 java.net.BindException: Address already in use: bind
	at sun.nio.ch.Net.bind0(Native Method)
	at sun.nio.ch.Net.bind(Net.java:433)
	at sun.nio.ch.Net.bind(Net.java:425)
	at sun.nio.ch.ServerSocketChannelImpl.bind(ServerSocketChannelImpl.java:223)
	at sun.nio.ch.ServerSocketAdaptor.bind(ServerSocketAdaptor.java:74)
	at org.apache.tomcat.util.net.NioEndpoint.bind(NioEndpoint.java:340)
	at org.apache.tomcat.util.net.AbstractEndpoint.init(AbstractEndpoint.java:742)
	at org.apache.coyote.AbstractProtocol.init(AbstractProtocol.java:458)
	at org.apache.coyote.http11.AbstractHttp11JsseProtocol.init(AbstractHttp11JsseProtocol.java:120)
	at org.apache.catalina.connector.Connector.initInternal(Connector.java:960)
	at org.apache.catalina.util.LifecycleBase.init(LifecycleBase.java:102)
	at org.apache.catalina.core.StandardService.initInternal(StandardService.java:568)
	at org.apache.catalina.util.LifecycleBase.init(LifecycleBase.java:102)
	at org.apache.catalina.core.StandardServer.initInternal(StandardServer.java:851)
	at org.apache.catalina.util.LifecycleBase.init(LifecycleBase.java:102)
	at org.apache.catalina.startup.Catalina.load(Catalina.java:580)
	at org.apache.catalina.startup.Catalina.load(Catalina.java:603)
	at sun.reflect.NativeMethodAccessorImpl.invoke0(Native Method)
	at sun.reflect.NativeMethodAccessorImpl.invoke(NativeMethodAccessorImpl.java:62)
	at sun.reflect.DelegatingMethodAccessorImpl.invoke(DelegatingMethodAccessorImpl.java:43)
	at java.lang.reflect.Method.invoke(Method.java:498)
	at org.apache.catalina.startup.Bootstrap.load(Bootstrap.java:310)
	at org.apache.catalina.startup.Bootstrap.main(Bootstrap.java:484)

13-May-2018 21:47:58.425 SEVERE [main] org.apache.catalina.core.StandardService.initInternal Failed to initialize connector [Connector[HTTP/1.1-80]]
 org.apache.catalina.LifecycleException: Failed to initialize component [Connector[HTTP/1.1-80]]
	at org.apache.catalina.util.LifecycleBase.init(LifecycleBase.java:106)
	at org.apache.catalina.core.StandardService.initInternal(StandardService.java:568)
	at org.apache.catalina.util.LifecycleBase.init(LifecycleBase.java:102)
	at org.apache.catalina.core.StandardServer.initInternal(StandardServer.java:851)
	at org.apache.catalina.util.LifecycleBase.init(LifecycleBase.java:102)
	at org.apache.catalina.startup.Catalina.load(Catalina.java:580)
	at org.apache.catalina.startup.Catalina.load(Catalina.java:603)
	at sun.reflect.NativeMethodAccessorImpl.invoke0(Native Method)
	at sun.reflect.NativeMethodAccessorImpl.invoke(NativeMethodAccessorImpl.java:62)
	at sun.reflect.DelegatingMethodAccessorImpl.invoke(DelegatingMethodAccessorImpl.java:43)
	at java.lang.reflect.Method.invoke(Method.java:498)
	at org.apache.catalina.startup.Bootstrap.load(Bootstrap.java:310)
	at org.apache.catalina.startup.Bootstrap.main(Bootstrap.java:484)
Caused by: org.apache.catalina.LifecycleException: Protocol handler initialization failed
	at org.apache.catalina.connector.Connector.initInternal(Connector.java:962)
	at org.apache.catalina.util.LifecycleBase.init(LifecycleBase.java:102)
	... 12 more
Caused by: java.net.BindException: Address already in use: bind
	at sun.nio.ch.Net.bind0(Native Method)
	at sun.nio.ch.Net.bind(Net.java:433)
	at sun.nio.ch.Net.bind(Net.java:425)
	at sun.nio.ch.ServerSocketChannelImpl.bind(ServerSocketChannelImpl.java:223)
	at sun.nio.ch.ServerSocketAdaptor.bind(ServerSocketAdaptor.java:74)
	at org.apache.tomcat.util.net.NioEndpoint.bind(NioEndpoint.java:340)
	at org.apache.tomcat.util.net.AbstractEndpoint.init(AbstractEndpoint.java:742)
	at org.apache.coyote.AbstractProtocol.init(AbstractProtocol.java:458)
	at org.apache.coyote.http11.AbstractHttp11JsseProtocol.init(AbstractHttp11JsseProtocol.java:120)
	at org.apache.catalina.connector.Connector.initInternal(Connector.java:960)
	... 13 more

13-May-2018 21:47:58.426 INFO [main] org.apache.coyote.AbstractProtocol.init Initializing ProtocolHandler ["ajp-nio-8009"]
13-May-2018 21:47:58.430 SEVERE [main] org.apache.coyote.AbstractProtocol.init Failed to initialize end point associated with ProtocolHandler ["ajp-nio-8009"]
 java.net.BindException: Address already in use: bind
	at sun.nio.ch.Net.bind0(Native Method)
	at sun.nio.ch.Net.bind(Net.java:433)
	at sun.nio.ch.Net.bind(Net.java:425)
	at sun.nio.ch.ServerSocketChannelImpl.bind(ServerSocketChannelImpl.java:223)
	at sun.nio.ch.ServerSocketAdaptor.bind(ServerSocketAdaptor.java:74)
	at org.apache.tomcat.util.net.NioEndpoint.bind(NioEndpoint.java:340)
	at org.apache.tomcat.util.net.AbstractEndpoint.init(AbstractEndpoint.java:742)
	at org.apache.coyote.AbstractProtocol.init(AbstractProtocol.java:458)
	at org.apache.catalina.connector.Connector.initInternal(Connector.java:960)
	at org.apache.catalina.util.LifecycleBase.init(LifecycleBase.java:102)
	at org.apache.catalina.core.StandardService.initInternal(StandardService.java:568)
	at org.apache.catalina.util.LifecycleBase.init(LifecycleBase.java:102)
	at org.apache.catalina.core.StandardServer.initInternal(StandardServer.java:851)
	at org.apache.catalina.util.LifecycleBase.init(LifecycleBase.java:102)
	at org.apache.catalina.startup.Catalina.load(Catalina.java:580)
	at org.apache.catalina.startup.Catalina.load(Catalina.java:603)
	at sun.reflect.NativeMethodAccessorImpl.invoke0(Native Method)
	at sun.reflect.NativeMethodAccessorImpl.invoke(NativeMethodAccessorImpl.java:62)
	at sun.reflect.DelegatingMethodAccessorImpl.invoke(DelegatingMethodAccessorImpl.java:43)
	at java.lang.reflect.Method.invoke(Method.java:498)
	at org.apache.catalina.startup.Bootstrap.load(Bootstrap.java:310)
	at org.apache.catalina.startup.Bootstrap.main(Bootstrap.java:484)

13-May-2018 21:47:58.432 SEVERE [main] org.apache.catalina.core.StandardService.initInternal Failed to initialize connector [Connector[AJP/1.3-8009]]
 org.apache.catalina.LifecycleException: Failed to initialize component [Connector[AJP/1.3-8009]]
	at org.apache.catalina.util.LifecycleBase.init(LifecycleBase.java:106)
	at org.apache.catalina.core.StandardService.initInternal(StandardService.java:568)
	at org.apache.catalina.util.LifecycleBase.init(LifecycleBase.java:102)
	at org.apache.catalina.core.StandardServer.initInternal(StandardServer.java:851)
	at org.apache.catalina.util.LifecycleBase.init(LifecycleBase.java:102)
	at org.apache.catalina.startup.Catalina.load(Catalina.java:580)
	at org.apache.catalina.startup.Catalina.load(Catalina.java:603)
	at sun.reflect.NativeMethodAccessorImpl.invoke0(Native Method)
	at sun.reflect.NativeMethodAccessorImpl.invoke(NativeMethodAccessorImpl.java:62)
	at sun.reflect.DelegatingMethodAccessorImpl.invoke(DelegatingMethodAccessorImpl.java:43)
	at java.lang.reflect.Method.invoke(Method.java:498)
	at org.apache.catalina.startup.Bootstrap.load(Bootstrap.java:310)
	at org.apache.catalina.startup.Bootstrap.main(Bootstrap.java:484)
Caused by: org.apache.catalina.LifecycleException: Protocol handler initialization failed
	at org.apache.catalina.connector.Connector.initInternal(Connector.java:962)
	at org.apache.catalina.util.LifecycleBase.init(LifecycleBase.java:102)
	... 12 more
Caused by: java.net.BindException: Address already in use: bind
	at sun.nio.ch.Net.bind0(Native Method)
	at sun.nio.ch.Net.bind(Net.java:433)
	at sun.nio.ch.Net.bind(Net.java:425)
	at sun.nio.ch.ServerSocketChannelImpl.bind(ServerSocketChannelImpl.java:223)
	at sun.nio.ch.ServerSocketAdaptor.bind(ServerSocketAdaptor.java:74)
	at org.apache.tomcat.util.net.NioEndpoint.bind(NioEndpoint.java:340)
	at org.apache.tomcat.util.net.AbstractEndpoint.init(AbstractEndpoint.java:742)
	at org.apache.coyote.AbstractProtocol.init(AbstractProtocol.java:458)
	at org.apache.catalina.connector.Connector.initInternal(Connector.java:960)
	... 13 more

13-May-2018 21:47:58.435 INFO [main] org.apache.catalina.startup.Catalina.load Initialization processed in 1098 ms
13-May-2018 21:47:58.489 INFO [main] org.apache.catalina.core.StandardService.startInternal Starting service Catalina
13-May-2018 21:47:58.489 INFO [main] org.apache.catalina.core.StandardEngine.startInternal Starting Servlet Engine: Apache Tomcat/8.0.32
13-May-2018 21:47:59.384 INFO [localhost-startStop-1] org.apache.catalina.util.SessionIdGeneratorBase.createSecureRandom Creation of SecureRandom instance for session ID generation using [SHA1PRNG] took [426] milliseconds.
13-May-2018 21:47:59.471 INFO [localhost-startStop-1] org.apache.catalina.startup.HostConfig.deployWAR Deploying web application archive G:\program\apache-tomcat-8.0.32\webapps\Dawn.war
13-May-2018 21:47:59.517 INFO [localhost-startStop-1] org.apache.catalina.startup.HostConfig.deployWAR Deployment of web application archive G:\program\apache-tomcat-8.0.32\webapps\Dawn.war has finished in 45 ms
13-May-2018 21:47:59.520 INFO [localhost-startStop-1] org.apache.catalina.startup.HostConfig.deployDirectory Deploying web application directory G:\program\apache-tomcat-8.0.32\webapps\docs
13-May-2018 21:47:59.574 INFO [localhost-startStop-1] org.apache.catalina.startup.HostConfig.deployDirectory Deployment of web application directory G:\program\apache-tomcat-8.0.32\webapps\docs has finished in 54 ms
13-May-2018 21:47:59.575 INFO [localhost-startStop-1] org.apache.catalina.startup.HostConfig.deployDirectory Deploying web application directory G:\program\apache-tomcat-8.0.32\webapps\examples
13-May-2018 21:48:00.265 INFO [localhost-startStop-1] org.apache.catalina.startup.HostConfig.deployDirectory Deployment of web application directory G:\program\apache-tomcat-8.0.32\webapps\examples has finished in 690 ms
13-May-2018 21:48:00.266 INFO [localhost-startStop-1] org.apache.catalina.startup.HostConfig.deployDirectory Deploying web application directory G:\program\apache-tomcat-8.0.32\webapps\host-manager
13-May-2018 21:48:00.319 INFO [localhost-startStop-1] org.apache.catalina.startup.HostConfig.deployDirectory Deployment of web application directory G:\program\apache-tomcat-8.0.32\webapps\host-manager has finished in 54 ms
13-May-2018 21:48:00.320 INFO [localhost-startStop-1] org.apache.catalina.startup.HostConfig.deployDirectory Deploying web application directory G:\program\apache-tomcat-8.0.32\webapps\manager
13-May-2018 21:48:00.374 INFO [localhost-startStop-1] org.apache.catalina.startup.HostConfig.deployDirectory Deployment of web application directory G:\program\apache-tomcat-8.0.32\webapps\manager has finished in 54 ms
13-May-2018 21:48:00.389 INFO [main] org.apache.catalina.startup.Catalina.start Server startup in 1952 ms
13-May-2018 21:48:00.403 SEVERE [main] org.apache.catalina.core.StandardServer.await StandardServer.await: create[localhost:8005]: 
 java.net.BindException: Address already in use: JVM_Bind
	at java.net.DualStackPlainSocketImpl.bind0(Native Method)
	at java.net.DualStackPlainSocketImpl.socketBind(DualStackPlainSocketImpl.java:106)
	at java.net.AbstractPlainSocketImpl.bind(AbstractPlainSocketImpl.java:387)
	at java.net.PlainSocketImpl.bind(PlainSocketImpl.java:190)
	at java.net.ServerSocket.bind(ServerSocket.java:375)
	at java.net.ServerSocket.<init>(ServerSocket.java:237)
	at org.apache.catalina.core.StandardServer.await(StandardServer.java:420)
	at org.apache.catalina.startup.Catalina.await(Catalina.java:717)
	at org.apache.catalina.startup.Catalina.start(Catalina.java:663)
	at sun.reflect.NativeMethodAccessorImpl.invoke0(Native Method)
	at sun.reflect.NativeMethodAccessorImpl.invoke(NativeMethodAccessorImpl.java:62)
	at sun.reflect.DelegatingMethodAccessorImpl.invoke(DelegatingMethodAccessorImpl.java:43)
	at java.lang.reflect.Method.invoke(Method.java:498)
	at org.apache.catalina.startup.Bootstrap.start(Bootstrap.java:351)
	at org.apache.catalina.startup.Bootstrap.main(Bootstrap.java:485)

13-May-2018 21:48:00.404 INFO [main] org.apache.coyote.AbstractProtocol.pause Pausing ProtocolHandler ["http-nio-80"]
13-May-2018 21:48:00.404 INFO [main] org.apache.coyote.AbstractProtocol.pause Pausing ProtocolHandler ["ajp-nio-8009"]
13-May-2018 21:48:00.406 INFO [main] org.apache.catalina.core.StandardService.stopInternal Stopping service Catalina
13-May-2018 21:48:00.461 INFO [main] org.apache.coyote.AbstractProtocol.stop Stopping ProtocolHandler ["http-nio-80"]
13-May-2018 21:48:00.462 INFO [main] org.apache.coyote.AbstractProtocol.destroy Destroying ProtocolHandler ["http-nio-80"]
13-May-2018 21:48:00.465 INFO [main] org.apache.coyote.AbstractProtocol.stop Stopping ProtocolHandler ["ajp-nio-8009"]
13-May-2018 21:48:00.466 INFO [main] org.apache.coyote.AbstractProtocol.destroy Destroying ProtocolHandler ["ajp-nio-8009"]
13-May-2018 21:48:12.624 INFO [main] org.apache.catalina.startup.VersionLoggerListener.log Server version:        Apache Tomcat/8.0.32
13-May-2018 21:48:12.627 INFO [main] org.apache.catalina.startup.VersionLoggerListener.log Server built:          Feb 2 2016 19:34:53 UTC
13-May-2018 21:48:12.627 INFO [main] org.apache.catalina.startup.VersionLoggerListener.log Server number:         8.0.32.0
13-May-2018 21:48:12.627 INFO [main] org.apache.catalina.startup.VersionLoggerListener.log OS Name:               Windows 10
13-May-2018 21:48:12.627 INFO [main] org.apache.catalina.startup.VersionLoggerListener.log OS Version:            10.0
13-May-2018 21:48:12.628 INFO [main] org.apache.catalina.startup.VersionLoggerListener.log Architecture:          x86
13-May-2018 21:48:12.628 INFO [main] org.apache.catalina.startup.VersionLoggerListener.log Java Home:             G:\java_8\jdk-8u172\jre
13-May-2018 21:48:12.628 INFO [main] org.apache.catalina.startup.VersionLoggerListener.log JVM Version:           1.8.0_172-b11
13-May-2018 21:48:12.628 INFO [main] org.apache.catalina.startup.VersionLoggerListener.log JVM Vendor:            Oracle Corporation
13-May-2018 21:48:12.629 INFO [main] org.apache.catalina.startup.VersionLoggerListener.log CATALINA_BASE:         G:\program\apache-tomcat-8.0.32
13-May-2018 21:48:12.629 INFO [main] org.apache.catalina.startup.VersionLoggerListener.log CATALINA_HOME:         G:\program\apache-tomcat-8.0.32
13-May-2018 21:48:12.629 INFO [main] org.apache.catalina.startup.VersionLoggerListener.log Command line argument: -Djava.util.logging.config.file=G:\program\apache-tomcat-8.0.32\conf\logging.properties
13-May-2018 21:48:12.630 INFO [main] org.apache.catalina.startup.VersionLoggerListener.log Command line argument: -Djava.util.logging.manager=org.apache.juli.ClassLoaderLogManager
13-May-2018 21:48:12.630 INFO [main] org.apache.catalina.startup.VersionLoggerListener.log Command line argument: -Djava.endorsed.dirs=G:\program\apache-tomcat-8.0.32\endorsed
13-May-2018 21:48:12.630 INFO [main] org.apache.catalina.startup.VersionLoggerListener.log Command line argument: -Dcatalina.base=G:\program\apache-tomcat-8.0.32
13-May-2018 21:48:12.630 INFO [main] org.apache.catalina.startup.VersionLoggerListener.log Command line argument: -Dcatalina.home=G:\program\apache-tomcat-8.0.32
13-May-2018 21:48:12.631 INFO [main] org.apache.catalina.startup.VersionLoggerListener.log Command line argument: -Djava.io.tmpdir=G:\program\apache-tomcat-8.0.32\temp
13-May-2018 21:48:12.634 INFO [main] org.apache.catalina.core.AprLifecycleListener.lifecycleEvent The APR based Apache Tomcat Native library which allows optimal performance in production environments was not found on the java.library.path: G:\java_8\jdk-8u172\bin;C:\Windows\Sun\Java\bin;C:\Windows\system32;C:\Windows;G:\java_8\jdk-8u172\bin;G:\java_8\jdk-8u172\jre\bin;C:\Program Files (x86)\Common Files\Oracle\Java\javapath;C:\Windows\system32;C:\Windows;C:\Windows\System32\Wbem;C:\Windows\System32\WindowsPowerShell\v1.0\;C:\Users\YD\AppData\Local\Microsoft\WindowsApps;;.
13-May-2018 21:48:12.914 INFO [main] org.apache.coyote.AbstractProtocol.init Initializing ProtocolHandler ["http-nio-80"]
13-May-2018 21:48:13.442 INFO [main] org.apache.tomcat.util.net.NioSelectorPool.getSharedSelector Using a shared selector for servlet write/read
13-May-2018 21:48:13.448 INFO [main] org.apache.coyote.AbstractProtocol.init Initializing ProtocolHandler ["ajp-nio-8009"]
13-May-2018 21:48:13.459 INFO [main] org.apache.tomcat.util.net.NioSelectorPool.getSharedSelector Using a shared selector for servlet write/read
13-May-2018 21:48:13.460 INFO [main] org.apache.catalina.startup.Catalina.load Initialization processed in 1584 ms
13-May-2018 21:48:13.505 INFO [main] org.apache.catalina.core.StandardService.startInternal Starting service Catalina
13-May-2018 21:48:13.506 INFO [main] org.apache.catalina.core.StandardEngine.startInternal Starting Servlet Engine: Apache Tomcat/8.0.32
13-May-2018 21:48:13.953 INFO [localhost-startStop-1] org.apache.catalina.startup.HostConfig.deployWAR Deploying web application archive G:\program\apache-tomcat-8.0.32\webapps\Dawn.war
13-May-2018 21:48:14.008 INFO [localhost-startStop-1] org.apache.catalina.startup.HostConfig.deployWAR Deployment of web application archive G:\program\apache-tomcat-8.0.32\webapps\Dawn.war has finished in 54 ms
13-May-2018 21:48:14.010 INFO [localhost-startStop-1] org.apache.catalina.startup.HostConfig.deployDirectory Deploying web application directory G:\program\apache-tomcat-8.0.32\webapps\docs
13-May-2018 21:48:14.051 INFO [localhost-startStop-1] org.apache.catalina.startup.HostConfig.deployDirectory Deployment of web application directory G:\program\apache-tomcat-8.0.32\webapps\docs has finished in 42 ms
13-May-2018 21:48:14.052 INFO [localhost-startStop-1] org.apache.catalina.startup.HostConfig.deployDirectory Deploying web application directory G:\program\apache-tomcat-8.0.32\webapps\examples
13-May-2018 21:48:14.678 INFO [localhost-startStop-1] org.apache.catalina.startup.HostConfig.deployDirectory Deployment of web application directory G:\program\apache-tomcat-8.0.32\webapps\examples has finished in 625 ms
13-May-2018 21:48:14.678 INFO [localhost-startStop-1] org.apache.catalina.startup.HostConfig.deployDirectory Deploying web application directory G:\program\apache-tomcat-8.0.32\webapps\host-manager
13-May-2018 21:48:14.735 INFO [localhost-startStop-1] org.apache.catalina.startup.HostConfig.deployDirectory Deployment of web application directory G:\program\apache-tomcat-8.0.32\webapps\host-manager has finished in 57 ms
13-May-2018 21:48:14.736 INFO [localhost-startStop-1] org.apache.catalina.startup.HostConfig.deployDirectory Deploying web application directory G:\program\apache-tomcat-8.0.32\webapps\manager
13-May-2018 21:48:14.781 INFO [localhost-startStop-1] org.apache.catalina.startup.HostConfig.deployDirectory Deployment of web application directory G:\program\apache-tomcat-8.0.32\webapps\manager has finished in 45 ms
13-May-2018 21:48:14.788 INFO [main] org.apache.coyote.AbstractProtocol.start Starting ProtocolHandler ["http-nio-80"]
13-May-2018 21:48:14.820 INFO [main] org.apache.coyote.AbstractProtocol.start Starting ProtocolHandler ["ajp-nio-8009"]
13-May-2018 21:48:14.831 INFO [main] org.apache.catalina.startup.Catalina.start Server startup in 1370 ms
